#
# A fatal error has been detected by the Java Runtime Environment:
#
#  SIGSEGV (0xb) at pc=0x0000000000000000, pid=5076, tid=20483
#
# JRE version: Java(TM) SE Runtime Environment (8.0_71-b15) (build 1.8.0_71-b15)
# Java VM: Java HotSpot(TM) 64-Bit Server VM (25.71-b15 mixed mode bsd-amd64 compressed oops)
# Problematic frame:
# C  0x0000000000000000
#
# Failed to write core dump. Core dumps have been disabled. To enable core dumping, try "ulimit -c unlimited" before starting Java again
#
# If you would like to submit a bug report, please visit:
#   http://bugreport.java.com/bugreport/crash.jsp
#

---------------  T H R E A D  ---------------

Current thread (0x00007fe90b0b8800):  JavaThread "pool-1-thread-2" [_thread_in_vm, id=20483, stack(0x0000700001250000,0x0000700001350000)]

siginfo: si_signo: 11 (SIGSEGV), si_code: 1 (SEGV_MAPERR), si_addr: 0x0000000000000000

Registers:
RAX=0x0000000101b1a110, RBX=0x0000000000000002, RCX=0x00007fe90b0b8800, RDX=0x0000000000000001
RSP=0x000070000134f238, RBP=0x000070000134f270, RSI=0x0000000000000000, RDI=0x00000007c007d1f8
R8 =0x0000000101b1ec70, R9 =0x0000000000002f1a, R10=0x0000000101b48180, R11=0x0000000102350dc0
R12=0x0000000000000001, R13=0x0000000114800e01, R14=0x00007fe90b0b8800, R15=0x000000000000001b
RIP=0x0000000000000000, EFLAGS=0x0000000000010246, ERR=0x0000000000000014
  TRAPNO=0x000000000000000e

Top of Stack: (sp=0x000070000134f238)
0x000070000134f238:   0000000101515981 00000001147feb90
0x000070000134f248:   000000000000001b 0000000000000000
0x000070000134f258:   0000000114800e8c 00007fe90b0b8800
0x000070000134f268:   00007fe90b0b8800 000070000134f2a0
0x000070000134f278:   000000010153e110 00007fe90b0b8800
0x000070000134f288:   00007fe90b0b8800 00000000000000bd
0x000070000134f298:   000070000134f328 000070000134f300
0x000070000134f2a8:   000000010225fa66 000000010225fa24
0x000070000134f2b8:   00000007ad604b58 000070000134f2c0
0x000070000134f2c8:   0000000114800e8c 000070000134f328
0x000070000134f2d8:   000000011480a9a0 0000000000000000
0x000070000134f2e8:   0000000114800f50 0000000000000000
0x000070000134f2f8:   000070000134f310 000070000134f378
0x000070000134f308:   0000000102244c4d 00000007acc69360
0x000070000134f318:   00000007ab48dd80 00000007ad604b30
0x000070000134f328:   00000007ad604b58 00000007ad604b58
0x000070000134f338:   000070000134f338 0000000114800d07
0x000070000134f348:   000070000134f3a0 000000011480a9a0
0x000070000134f358:   0000000000000000 0000000114800d88
0x000070000134f368:   000070000134f310 000070000134f390
0x000070000134f378:   000070000134f3e8 00000001022449d0
0x000070000134f388:   0000000000000000 00000007acc69360
0x000070000134f398:   00000007ab48dd80 00000007ad604b30
0x000070000134f3a8:   000070000134f3a8 00000001147de878
0x000070000134f3b8:   000070000134f4b8 00000001147e1e40
0x000070000134f3c8:   0000000000000000 00000001147debe8
0x000070000134f3d8:   000070000134f390 000070000134f498
0x000070000134f3e8:   000070000134f500 0000000102244c4d
0x000070000134f3f8:   0000000000000000 0000000000000000
0x000070000134f408:   0000000000000000 0000000000000000
0x000070000134f418:   0000000000000000 00000007ab48dd80
0x000070000134f428:   00000007ad604b30 0000000000000000 

Instructions: (pc=0x0000000000000000)
0xffffffffffffffe0:   

Register to memory mapping:

RAX=0x0000000101b1a110: _ZTV13InstanceKlass+0x10 in /Library/Java/JavaVirtualMachines/jdk1.8.0_71.jdk/Contents/Home/jre/lib/server/libjvm.dylib at 0x0000000101258000
RBX=0x0000000000000002 is an unknown value
RCX=0x00007fe90b0b8800 is a thread
RDX=0x0000000000000001 is an unknown value
RSP=0x000070000134f238 is pointing into the stack for thread: 0x00007fe90b0b8800
RBP=0x000070000134f270 is pointing into the stack for thread: 0x00007fe90b0b8800
RSI=0x0000000000000000 is an unknown value
RDI=0x00000007c007d1f8 is pointing into metadata
R8 =0x0000000101b1ec70: _ZTV13ObjArrayKlass+0x10 in /Library/Java/JavaVirtualMachines/jdk1.8.0_71.jdk/Contents/Home/jre/lib/server/libjvm.dylib at 0x0000000101258000
R9 =0x0000000000002f1a is an unknown value
R10=0x0000000101b48180: _ZN19TemplateInterpreter13_active_tableE+0x1800 in /Library/Java/JavaVirtualMachines/jdk1.8.0_71.jdk/Contents/Home/jre/lib/server/libjvm.dylib at 0x0000000101258000
R11=0x0000000102350dc0 is at entry_point+32 in (nmethod*)0x0000000102350c50
R12=0x0000000000000001 is an unknown value
R13=0x0000000114800e01 is pointing into metadata
R14=0x00007fe90b0b8800 is a thread
R15=0x000000000000001b is an unknown value


Stack: [0x0000700001250000,0x0000700001350000],  sp=0x000070000134f238,  free space=1020k
Java frames: (J=compiled Java code, j=interpreted, Vv=VM code)
j  com.android.dx.cf.code.Ropper.<init>(Lcom/android/dx/cf/code/ConcreteMethod;Lcom/android/dx/rop/code/TranslationAdvice;Lcom/android/dx/cf/iface/MethodList;)V+100
j  com.android.dx.cf.code.Ropper.convert(Lcom/android/dx/cf/code/ConcreteMethod;Lcom/android/dx/rop/code/TranslationAdvice;Lcom/android/dx/cf/iface/MethodList;)Lcom/android/dx/rop/code/RopMethod;+7
j  com.android.dx.dex.cf.CfTranslator.processMethods(Lcom/android/dx/cf/direct/DirectClassFile;Lcom/android/dx/dex/cf/CfOptions;Lcom/android/dx/dex/DexOptions;Lcom/android/dx/dex/file/ClassDefItem;Lcom/android/dx/dex/file/DexFile;)V+176
j  com.android.dx.dex.cf.CfTranslator.translate0(Lcom/android/dx/cf/direct/DirectClassFile;[BLcom/android/dx/dex/cf/CfOptions;Lcom/android/dx/dex/DexOptions;Lcom/android/dx/dex/file/DexFile;)Lcom/android/dx/dex/file/ClassDefItem;+120
j  com.android.dx.dex.cf.CfTranslator.translate(Lcom/android/dx/cf/direct/DirectClassFile;[BLcom/android/dx/dex/cf/CfOptions;Lcom/android/dx/dex/DexOptions;Lcom/android/dx/dex/file/DexFile;)Lcom/android/dx/dex/file/ClassDefItem;+6
j  com.android.dx.command.dexer.Main.translateClass([BLcom/android/dx/cf/direct/DirectClassFile;)Lcom/android/dx/dex/file/ClassDefItem;+17
j  com.android.dx.command.dexer.Main.access$2700([BLcom/android/dx/cf/direct/DirectClassFile;)Lcom/android/dx/dex/file/ClassDefItem;+2
j  com.android.dx.command.dexer.Main$ClassTranslatorTask.call()Lcom/android/dx/dex/file/ClassDefItem;+8
j  com.android.dx.command.dexer.Main$ClassTranslatorTask.call()Ljava/lang/Object;+1
j  java.util.concurrent.FutureTask.run()V+42
j  java.util.concurrent.ThreadPoolExecutor.runWorker(Ljava/util/concurrent/ThreadPoolExecutor$Worker;)V+95
j  java.util.concurrent.ThreadPoolExecutor$Worker.run()V+5
j  java.lang.Thread.run()V+11
v  ~StubRoutines::call_stub

---------------  P R O C E S S  ---------------

Java Threads: ( => current thread )
  0x00007fe90a8b0800 JavaThread "pool-1-thread-4" [_thread_in_Java, id=21507, stack(0x0000700001456000,0x0000700001556000)]
  0x00007fe90a16e800 JavaThread "pool-1-thread-3" [_thread_in_Java, id=20995, stack(0x0000700001353000,0x0000700001453000)]
=>0x00007fe90b0b8800 JavaThread "pool-1-thread-2" [_thread_in_vm, id=20483, stack(0x0000700001250000,0x0000700001350000)]
  0x00007fe90a8aa800 JavaThread "pool-2-thread-1" [_thread_blocked, id=19971, stack(0x000070000114d000,0x000070000124d000)]
  0x00007fe90b086800 JavaThread "pool-1-thread-1" [_thread_in_Java, id=19459, stack(0x000070000104a000,0x000070000114a000)]
  0x00007fe90a817800 JavaThread "Service Thread" daemon [_thread_blocked, id=18435, stack(0x0000700000e44000,0x0000700000f44000)]
  0x00007fe90b00f000 JavaThread "C1 CompilerThread2" daemon [_thread_in_vm, id=17923, stack(0x0000700000d41000,0x0000700000e41000)]
  0x00007fe90a815000 JavaThread "C2 CompilerThread1" daemon [_thread_in_native, id=17411, stack(0x0000700000c3e000,0x0000700000d3e000)]
  0x00007fe90a047000 JavaThread "C2 CompilerThread0" daemon [_thread_in_native, id=16899, stack(0x0000700000b3b000,0x0000700000c3b000)]
  0x00007fe90a046000 JavaThread "Signal Dispatcher" daemon [_thread_blocked, id=16391, stack(0x0000700000a38000,0x0000700000b38000)]
  0x00007fe90a80b800 JavaThread "Finalizer" daemon [_thread_blocked, id=11779, stack(0x000070000082f000,0x000070000092f000)]
  0x00007fe90b007000 JavaThread "Reference Handler" daemon [_thread_blocked, id=11267, stack(0x000070000072c000,0x000070000082c000)]
  0x00007fe90a802800 JavaThread "main" [_thread_in_Java, id=4099, stack(0x0000700000084000,0x0000700000184000)]

Other Threads:
  0x00007fe90a01f000 VMThread [stack: 0x0000700000629000,0x0000700000729000] [id=10755]
  0x00007fe90b00c800 WatcherThread [stack: 0x0000700000f47000,0x0000700001047000] [id=18947]

VM state:not at safepoint (normal execution)

VM Mutex/Monitor currently owned by a thread: None

Heap:
 PSYoungGen      total 76288K, used 45898K [0x00000007aab00000, 0x00000007b0000000, 0x00000007c0000000)
  eden space 65536K, 70% used [0x00000007aab00000,0x00000007ad7d2930,0x00000007aeb00000)
  from space 10752K, 0% used [0x00000007af580000,0x00000007af580000,0x00000007b0000000)
  to   space 10752K, 0% used [0x00000007aeb00000,0x00000007aeb00000,0x00000007af580000)
 ParOldGen       total 175104K, used 0K [0x0000000780000000, 0x000000078ab00000, 0x00000007aab00000)
  object space 175104K, 0% used [0x0000000780000000,0x0000000780000000,0x000000078ab00000)
 Metaspace       used 5795K, capacity 6768K, committed 7040K, reserved 1056768K
  class space    used 594K, capacity 616K, committed 640K, reserved 1048576K

Card table byte_map: [0x0000000111e04000,0x0000000112005000] byte_map_base: 0x000000010e204000

Marking Bits: (ParMarkBitMap*) 0x0000000101b3bea0
 Begin Bits: [0x000000011215b000, 0x000000011315b000)
 End Bits:   [0x000000011315b000, 0x000000011415b000)

Polling page: 0x000000010222a000

CodeCache: size=245760Kb used=3074Kb max_used=3087Kb free=242685Kb
 bounds [0x000000010223d000, 0x000000010254d000, 0x000000011123d000]
 total_blobs=1050 nmethods=780 adapters=182
 compilation: enabled

Compilation events (10 events):
Event: 1.957 Thread 0x00007fe90b00f000 nmethod 868 0x000000010253dc10 code [0x000000010253dda0, 0x000000010253dfd8]
Event: 1.957 Thread 0x00007fe90b00f000  880       2       java.util.AbstractList::clear (10 bytes)
Event: 1.957 Thread 0x00007fe90b00f000 nmethod 880 0x000000010253e150 code [0x000000010253e2c0, 0x000000010253e478]
Event: 1.957 Thread 0x00007fe90b00f000  881       2       com.android.dx.ssa.SsaBasicBlock::scheduleMovesFromPhis (108 bytes)
Event: 1.958 Thread 0x00007fe90b00f000 nmethod 881 0x000000010253e510 code [0x000000010253e720, 0x000000010253ed18]
Event: 1.958 Thread 0x00007fe90b00f000  882       2       com.android.dx.ssa.SsaMethod::returnSpareRegisters (6 bytes)
Event: 1.958 Thread 0x00007fe90b00f000 nmethod 882 0x000000010253f250 code [0x000000010253f3a0, 0x000000010253f4f0]
Event: 1.958 Thread 0x00007fe90b00f000  861       2       com.android.dx.ssa.back.FirstFitLocalCombiningAllocator::getParameterIndexForReg (55 bytes)
Event: 1.961 Thread 0x00007fe90a815000 nmethod 898 0x0000000102542810 code [0x00000001025429c0, 0x0000000102543018]
Event: 1.961 Thread 0x00007fe90a815000  901       4       com.android.dx.ssa.SsaRenamer$BlockRenamer::addMapping (143 bytes)

GC Heap History (0 events):
No events

Deoptimization events (10 events):
Event: 0.849 Thread 0x00007fe90b0b8800 Uncommon trap: reason=class_check action=maybe_recompile pc=0x000000010241c438 method=java.util.HashMap.getNode(ILjava/lang/Object;)Ljava/util/HashMap$Node; @ 126
Event: 0.850 Thread 0x00007fe90b0b8800 Uncommon trap: reason=class_check action=maybe_recompile pc=0x000000010241c438 method=java.util.HashMap.getNode(ILjava/lang/Object;)Ljava/util/HashMap$Node; @ 126
Event: 0.850 Thread 0x00007fe90b0b8800 Uncommon trap: reason=class_check action=maybe_recompile pc=0x000000010241c438 method=java.util.HashMap.getNode(ILjava/lang/Object;)Ljava/util/HashMap$Node; @ 126
Event: 0.850 Thread 0x00007fe90b0b8800 Uncommon trap: reason=class_check action=maybe_recompile pc=0x0000000102402f0c method=java.util.HashMap.getNode(ILjava/lang/Object;)Ljava/util/HashMap$Node; @ 126
Event: 0.966 Thread 0x00007fe90a802800 Uncommon trap: reason=unstable_if action=reinterpret pc=0x00000001024282b0 method=java.util.HashMap.getNode(ILjava/lang/Object;)Ljava/util/HashMap$Node; @ 62
Event: 1.712 Thread 0x00007fe90b0b8800 Uncommon trap: reason=unstable_if action=reinterpret pc=0x0000000102441c78 method=java.util.HashMap.getNode(ILjava/lang/Object;)Ljava/util/HashMap$Node; @ 62
Event: 1.712 Thread 0x00007fe90b0b8800 Uncommon trap: reason=bimorphic action=maybe_recompile pc=0x0000000102489db8 method=java.util.HashMap.getNode(ILjava/lang/Object;)Ljava/util/HashMap$Node; @ 126
Event: 1.720 Thread 0x00007fe90b0b8800 Uncommon trap: reason=bimorphic action=maybe_recompile pc=0x0000000102489db8 method=java.util.HashMap.getNode(ILjava/lang/Object;)Ljava/util/HashMap$Node; @ 126
Event: 1.720 Thread 0x00007fe90b0b8800 Uncommon trap: reason=bimorphic action=maybe_recompile pc=0x0000000102489db8 method=java.util.HashMap.getNode(ILjava/lang/Object;)Ljava/util/HashMap$Node; @ 126
Event: 1.720 Thread 0x00007fe90b0b8800 Uncommon trap: reason=bimorphic action=maybe_recompile pc=0x0000000102489db8 method=java.util.HashMap.getNode(ILjava/lang/Object;)Ljava/util/HashMap$Node; @ 126

Internal exceptions (10 events):
Event: 0.172 Thread 0x00007fe90a802800 Exception <a 'java/security/PrivilegedActionException'> (0x00000007aaba4e20) thrown at [/Users/java_re/workspace/8-2-build-macosx-x86_64/jdk8u71/5731/hotspot/src/share/vm/prims/jvm.cpp, line 1386]
Event: 0.173 Thread 0x00007fe90a802800 Exception <a 'java/util/zip/ZipException'> (0x00000007aaba5ba0) thrown at [/Users/java_re/workspace/8-2-build-macosx-x86_64/jdk8u71/5731/hotspot/src/share/vm/prims/jni.cpp, line 709]
Event: 0.173 Thread 0x00007fe90a802800 Exception <a 'java/security/PrivilegedActionException'> (0x00000007aaba5da8) thrown at [/Users/java_re/workspace/8-2-build-macosx-x86_64/jdk8u71/5731/hotspot/src/share/vm/prims/jvm.cpp, line 1386]
Event: 0.173 Thread 0x00007fe90a802800 Exception <a 'java/security/PrivilegedActionException'> (0x00000007aaba5fb8) thrown at [/Users/java_re/workspace/8-2-build-macosx-x86_64/jdk8u71/5731/hotspot/src/share/vm/prims/jvm.cpp, line 1386]
Event: 0.174 Thread 0x00007fe90a802800 Exception <a 'java/util/zip/ZipException'> (0x00000007aaba6d38) thrown at [/Users/java_re/workspace/8-2-build-macosx-x86_64/jdk8u71/5731/hotspot/src/share/vm/prims/jni.cpp, line 709]
Event: 0.174 Thread 0x00007fe90a802800 Exception <a 'java/security/PrivilegedActionException'> (0x00000007aaba6f40) thrown at [/Users/java_re/workspace/8-2-build-macosx-x86_64/jdk8u71/5731/hotspot/src/share/vm/prims/jvm.cpp, line 1386]
Event: 0.174 Thread 0x00007fe90a802800 Exception <a 'java/security/PrivilegedActionException'> (0x00000007aaba7150) thrown at [/Users/java_re/workspace/8-2-build-macosx-x86_64/jdk8u71/5731/hotspot/src/share/vm/prims/jvm.cpp, line 1386]
Event: 0.176 Thread 0x00007fe90a802800 Exception <a 'java/util/zip/ZipException'> (0x00000007aabb8b58) thrown at [/Users/java_re/workspace/8-2-build-macosx-x86_64/jdk8u71/5731/hotspot/src/share/vm/prims/jni.cpp, line 709]
Event: 0.176 Thread 0x00007fe90a802800 Exception <a 'java/security/PrivilegedActionException'> (0x00000007aabb8d60) thrown at [/Users/java_re/workspace/8-2-build-macosx-x86_64/jdk8u71/5731/hotspot/src/share/vm/prims/jvm.cpp, line 1386]
Event: 0.176 Thread 0x00007fe90a802800 Exception <a 'java/security/PrivilegedActionException'> (0x00000007aabb8f70) thrown at [/Users/java_re/workspace/8-2-build-macosx-x86_64/jdk8u71/5731/hotspot/src/share/vm/prims/jvm.cpp, line 1386]

Events (10 events):
Event: 1.712 Thread 0x00007fe90b0b8800 DEOPT UNPACKING pc=0x0000000102242229 sp=0x000070000134ef48 mode 2
Event: 1.720 Thread 0x00007fe90b0b8800 Uncommon trap: trap_request=0xffffffc6 fr.pc=0x0000000102489db8
Event: 1.720 Thread 0x00007fe90b0b8800 DEOPT PACKING pc=0x0000000102489db8 sp=0x000070000134ef90
Event: 1.720 Thread 0x00007fe90b0b8800 DEOPT UNPACKING pc=0x0000000102242229 sp=0x000070000134ef48 mode 2
Event: 1.720 Thread 0x00007fe90b0b8800 Uncommon trap: trap_request=0xffffffc6 fr.pc=0x0000000102489db8
Event: 1.720 Thread 0x00007fe90b0b8800 DEOPT PACKING pc=0x0000000102489db8 sp=0x000070000134ef90
Event: 1.720 Thread 0x00007fe90b0b8800 DEOPT UNPACKING pc=0x0000000102242229 sp=0x000070000134ef48 mode 2
Event: 1.720 Thread 0x00007fe90b0b8800 Uncommon trap: trap_request=0xffffffc6 fr.pc=0x0000000102489db8
Event: 1.720 Thread 0x00007fe90b0b8800 DEOPT PACKING pc=0x0000000102489db8 sp=0x000070000134ef90
Event: 1.720 Thread 0x00007fe90b0b8800 DEOPT UNPACKING pc=0x0000000102242229 sp=0x000070000134ef48 mode 2


Dynamic libraries:
0x0000000006f7e000 	/System/Library/Frameworks/Cocoa.framework/Versions/A/Cocoa
0x0000000006f7e000 	/System/Library/Frameworks/Security.framework/Versions/A/Security
0x0000000006f7e000 	/System/Library/Frameworks/ApplicationServices.framework/Versions/A/ApplicationServices
0x0000000006f7e000 	/usr/lib/libz.1.dylib
0x0000000006f7e000 	/usr/lib/libSystem.B.dylib
0x0000000006f7e000 	/usr/lib/libobjc.A.dylib
0x0000000006f7e000 	/System/Library/Frameworks/CoreFoundation.framework/Versions/A/CoreFoundation
0x0000000006f7e000 	/System/Library/Frameworks/Foundation.framework/Versions/C/Foundation
0x0000000006f7e000 	/System/Library/Frameworks/AppKit.framework/Versions/C/AppKit
0x0000000006f7e000 	/System/Library/Frameworks/CoreData.framework/Versions/A/CoreData
0x0000000006f7e000 	/System/Library/PrivateFrameworks/RemoteViewServices.framework/Versions/A/RemoteViewServices
0x0000000006f7e000 	/System/Library/PrivateFrameworks/UIFoundation.framework/Versions/A/UIFoundation
0x0000000006f7e000 	/usr/lib/libScreenReader.dylib
0x0000000006f7e000 	/System/Library/Frameworks/Accelerate.framework/Versions/A/Accelerate
0x0000000006f7e000 	/System/Library/Frameworks/IOSurface.framework/Versions/A/IOSurface
0x0000000006f7e000 	/System/Library/Frameworks/AudioToolbox.framework/Versions/A/AudioToolbox
0x0000000006f7e000 	/System/Library/Frameworks/AudioUnit.framework/Versions/A/AudioUnit
0x0000000006f7e000 	/System/Library/PrivateFrameworks/DataDetectorsCore.framework/Versions/A/DataDetectorsCore
0x0000000006f7e000 	/System/Library/PrivateFrameworks/DesktopServicesPriv.framework/Versions/A/DesktopServicesPriv
0x0000000006f7e000 	/System/Library/Frameworks/Carbon.framework/Versions/A/Frameworks/HIToolbox.framework/Versions/A/HIToolbox
0x0000000006f7e000 	/System/Library/Frameworks/QuartzCore.framework/Versions/A/QuartzCore
0x0000000006f7e000 	/System/Library/Frameworks/Carbon.framework/Versions/A/Frameworks/SpeechRecognition.framework/Versions/A/SpeechRecognition
0x0000000006f7e000 	/usr/lib/libauto.dylib
0x0000000006f7e000 	/usr/lib/libicucore.A.dylib
0x0000000006f7e000 	/usr/lib/libxml2.2.dylib
0x0000000006f7e000 	/System/Library/PrivateFrameworks/CoreUI.framework/Versions/A/CoreUI
0x0000000006f7e000 	/System/Library/Frameworks/CoreAudio.framework/Versions/A/CoreAudio
0x0000000006f7e000 	/System/Library/Frameworks/DiskArbitration.framework/Versions/A/DiskArbitration
0x0000000006f7e000 	/usr/lib/liblangid.dylib
0x0000000006f7e000 	/System/Library/PrivateFrameworks/MultitouchSupport.framework/Versions/A/MultitouchSupport
0x0000000006f7e000 	/System/Library/Frameworks/IOKit.framework/Versions/A/IOKit
0x0000000006f7e000 	/usr/lib/libDiagnosticMessagesClient.dylib
0x0000000006f7e000 	/System/Library/Frameworks/CoreServices.framework/Versions/A/CoreServices
0x0000000006f7e000 	/System/Library/PrivateFrameworks/PerformanceAnalysis.framework/Versions/A/PerformanceAnalysis
0x0000000006f7e000 	/System/Library/PrivateFrameworks/GenerationalStorage.framework/Versions/A/GenerationalStorage
0x0000000006f7e000 	/System/Library/Frameworks/OpenGL.framework/Versions/A/OpenGL
0x0000000006f7e000 	/System/Library/PrivateFrameworks/Sharing.framework/Versions/A/Sharing
0x0000000006f7e000 	/System/Library/Frameworks/CoreGraphics.framework/Versions/A/CoreGraphics
0x0000000006f7e000 	/System/Library/Frameworks/CoreImage.framework/Versions/A/CoreImage
0x0000000006f7e000 	/System/Library/Frameworks/CoreText.framework/Versions/A/CoreText
0x0000000006f7e000 	/System/Library/Frameworks/ImageIO.framework/Versions/A/ImageIO
0x0000000006f7e000 	/System/Library/PrivateFrameworks/Backup.framework/Versions/A/Backup
0x0000000006f7e000 	/usr/lib/libextension.dylib
0x0000000006f7e000 	/usr/lib/libarchive.2.dylib
0x0000000006f7e000 	/System/Library/Frameworks/CFNetwork.framework/Versions/A/CFNetwork
0x0000000006f7e000 	/System/Library/Frameworks/SystemConfiguration.framework/Versions/A/SystemConfiguration
0x0000000006f7e000 	/usr/lib/libCRFSuite.dylib
0x0000000006f7e000 	/usr/lib/libc++.1.dylib
0x0000000006f7e000 	/usr/lib/libc++abi.dylib
0x0000000006f7e000 	/usr/lib/system/libcache.dylib
0x0000000006f7e000 	/usr/lib/system/libcommonCrypto.dylib
0x0000000006f7e000 	/usr/lib/system/libcompiler_rt.dylib
0x0000000006f7e000 	/usr/lib/system/libcopyfile.dylib
0x0000000006f7e000 	/usr/lib/system/libcorecrypto.dylib
0x0000000006f7e000 	/usr/lib/system/libdispatch.dylib
0x0000000006f7e000 	/usr/lib/system/libdyld.dylib
0x0000000006f7e000 	/usr/lib/system/libkeymgr.dylib
0x0000000006f7e000 	/usr/lib/system/liblaunch.dylib
0x0000000006f7e000 	/usr/lib/system/libmacho.dylib
0x0000000006f7e000 	/usr/lib/system/libquarantine.dylib
0x0000000006f7e000 	/usr/lib/system/libremovefile.dylib
0x0000000006f7e000 	/usr/lib/system/libsystem_asl.dylib
0x0000000006f7e000 	/usr/lib/system/libsystem_blocks.dylib
0x0000000006f7e000 	/usr/lib/system/libsystem_c.dylib
0x0000000006f7e000 	/usr/lib/system/libsystem_configuration.dylib
0x0000000006f7e000 	/usr/lib/system/libsystem_coreservices.dylib
0x0000000006f7e000 	/usr/lib/system/libsystem_coretls.dylib
0x0000000006f7e000 	/usr/lib/system/libsystem_dnssd.dylib
0x0000000006f7e000 	/usr/lib/system/libsystem_info.dylib
0x0000000006f7e000 	/usr/lib/system/libsystem_kernel.dylib
0x0000000006f7e000 	/usr/lib/system/libsystem_m.dylib
0x0000000006f7e000 	/usr/lib/system/libsystem_malloc.dylib
0x0000000006f7e000 	/usr/lib/system/libsystem_network.dylib
0x0000000006f7e000 	/usr/lib/system/libsystem_networkextension.dylib
0x0000000006f7e000 	/usr/lib/system/libsystem_notify.dylib
0x0000000006f7e000 	/usr/lib/system/libsystem_platform.dylib
0x0000000006f7e000 	/usr/lib/system/libsystem_pthread.dylib
0x0000000006f7e000 	/usr/lib/system/libsystem_sandbox.dylib
0x0000000006f7e000 	/usr/lib/system/libsystem_secinit.dylib
0x0000000006f7e000 	/usr/lib/system/libsystem_trace.dylib
0x0000000006f7e000 	/usr/lib/system/libunc.dylib
0x0000000006f7e000 	/usr/lib/system/libunwind.dylib
0x0000000006f7e000 	/usr/lib/system/libxpc.dylib
0x0000000006f7e000 	/usr/lib/libenergytrace.dylib
0x0000000006f7e000 	/usr/lib/libbsm.0.dylib
0x0000000006f7e000 	/usr/lib/system/libkxld.dylib
0x0000000006f7e000 	/usr/lib/libxar.1.dylib
0x0000000006f7e000 	/usr/lib/libsqlite3.dylib
0x0000000006f7e000 	/usr/lib/libpam.2.dylib
0x0000000006f7e000 	/usr/lib/libOpenScriptingUtil.dylib
0x0000000006f7e000 	/usr/lib/libbz2.1.0.dylib
0x0000000006f7e000 	/usr/lib/liblzma.5.dylib
0x0000000006f7e000 	/System/Library/Frameworks/CoreServices.framework/Versions/A/Frameworks/FSEvents.framework/Versions/A/FSEvents
0x0000000006f7e000 	/System/Library/Frameworks/CoreServices.framework/Versions/A/Frameworks/CarbonCore.framework/Versions/A/CarbonCore
0x0000000006f7e000 	/System/Library/Frameworks/CoreServices.framework/Versions/A/Frameworks/Metadata.framework/Versions/A/Metadata
0x0000000006f7e000 	/System/Library/Frameworks/CoreServices.framework/Versions/A/Frameworks/OSServices.framework/Versions/A/OSServices
0x0000000006f7e000 	/System/Library/Frameworks/CoreServices.framework/Versions/A/Frameworks/SearchKit.framework/Versions/A/SearchKit
0x0000000006f7e000 	/System/Library/Frameworks/CoreServices.framework/Versions/A/Frameworks/AE.framework/Versions/A/AE
0x0000000006f7e000 	/System/Library/Frameworks/CoreServices.framework/Versions/A/Frameworks/LaunchServices.framework/Versions/A/LaunchServices
0x0000000006f7e000 	/System/Library/Frameworks/CoreServices.framework/Versions/A/Frameworks/DictionaryServices.framework/Versions/A/DictionaryServices
0x0000000006f7e000 	/System/Library/Frameworks/CoreServices.framework/Versions/A/Frameworks/SharedFileList.framework/Versions/A/SharedFileList
0x0000000006f7e000 	/System/Library/Frameworks/NetFS.framework/Versions/A/NetFS
0x0000000006f7e000 	/System/Library/PrivateFrameworks/NetAuth.framework/Versions/A/NetAuth
0x0000000006f7e000 	/System/Library/PrivateFrameworks/login.framework/Versions/A/Frameworks/loginsupport.framework/Versions/A/loginsupport
0x0000000006f7e000 	/System/Library/PrivateFrameworks/TCC.framework/Versions/A/TCC
0x0000000006f7e000 	/usr/lib/libmecabra.dylib
0x0000000006f7e000 	/System/Library/Frameworks/ApplicationServices.framework/Versions/A/Frameworks/ATS.framework/Versions/A/ATS
0x0000000006f7e000 	/System/Library/Frameworks/ApplicationServices.framework/Versions/A/Frameworks/ColorSync.framework/Versions/A/ColorSync
0x0000000006f7e000 	/System/Library/Frameworks/ApplicationServices.framework/Versions/A/Frameworks/HIServices.framework/Versions/A/HIServices
0x0000000006f7e000 	/System/Library/Frameworks/ApplicationServices.framework/Versions/A/Frameworks/LangAnalysis.framework/Versions/A/LangAnalysis
0x0000000006f7e000 	/System/Library/Frameworks/ApplicationServices.framework/Versions/A/Frameworks/PrintCore.framework/Versions/A/PrintCore
0x0000000006f7e000 	/System/Library/Frameworks/ApplicationServices.framework/Versions/A/Frameworks/QD.framework/Versions/A/QD
0x0000000006f7e000 	/System/Library/Frameworks/ApplicationServices.framework/Versions/A/Frameworks/SpeechSynthesis.framework/Versions/A/SpeechSynthesis
0x0000000006f7e000 	/System/Library/Frameworks/Metal.framework/Versions/A/Metal
0x0000000006f7e000 	/System/Library/Frameworks/Accelerate.framework/Versions/A/Frameworks/vImage.framework/Versions/A/vImage
0x0000000006f7e000 	/System/Library/Frameworks/Accelerate.framework/Versions/A/Frameworks/vecLib.framework/Versions/A/vecLib
0x0000000006f7e000 	/System/Library/Frameworks/Accelerate.framework/Versions/A/Frameworks/vecLib.framework/Versions/A/libvDSP.dylib
0x0000000006f7e000 	/System/Library/Frameworks/Accelerate.framework/Versions/A/Frameworks/vecLib.framework/Versions/A/libvMisc.dylib
0x0000000006f7e000 	/System/Library/Frameworks/Accelerate.framework/Versions/A/Frameworks/vecLib.framework/Versions/A/libLAPACK.dylib
0x0000000006f7e000 	/System/Library/Frameworks/Accelerate.framework/Versions/A/Frameworks/vecLib.framework/Versions/A/libBLAS.dylib
0x0000000006f7e000 	/System/Library/Frameworks/Accelerate.framework/Versions/A/Frameworks/vecLib.framework/Versions/A/libLinearAlgebra.dylib
0x0000000006f7e000 	/System/Library/Frameworks/Accelerate.framework/Versions/A/Frameworks/vecLib.framework/Versions/A/libSparseBLAS.dylib
0x0000000006f7e000 	/System/Library/PrivateFrameworks/GPUCompiler.framework/libmetal_timestamp.dylib
0x0000000006f7e000 	/System/Library/Frameworks/OpenGL.framework/Versions/A/Libraries/libCoreFSCache.dylib
0x0000000006f7e000 	/System/Library/PrivateFrameworks/IOAccelerator.framework/Versions/A/IOAccelerator
0x0000000006f7e000 	/System/Library/Frameworks/ApplicationServices.framework/Versions/A/Frameworks/ATS.framework/Versions/A/Resources/libFontParser.dylib
0x0000000006f7e000 	/System/Library/Frameworks/ApplicationServices.framework/Versions/A/Frameworks/ATS.framework/Versions/A/Resources/libFontRegistry.dylib
0x0000000006f7e000 	/System/Library/PrivateFrameworks/AppleVPA.framework/Versions/A/AppleVPA
0x0000000006f7e000 	/System/Library/PrivateFrameworks/AppleJPEG.framework/Versions/A/AppleJPEG
0x0000000006f7e000 	/System/Library/Frameworks/ImageIO.framework/Versions/A/Resources/libJPEG.dylib
0x0000000006f7e000 	/System/Library/Frameworks/ImageIO.framework/Versions/A/Resources/libTIFF.dylib
0x0000000006f7e000 	/System/Library/Frameworks/ImageIO.framework/Versions/A/Resources/libPng.dylib
0x0000000006f7e000 	/System/Library/Frameworks/ImageIO.framework/Versions/A/Resources/libGIF.dylib
0x0000000006f7e000 	/System/Library/Frameworks/ImageIO.framework/Versions/A/Resources/libJP2.dylib
0x0000000006f7e000 	/System/Library/Frameworks/ImageIO.framework/Versions/A/Resources/libRadiance.dylib
0x0000000006f7e000 	/System/Library/Frameworks/CoreVideo.framework/Versions/A/CoreVideo
0x0000000006f7e000 	/System/Library/Frameworks/OpenGL.framework/Versions/A/Libraries/libGLU.dylib
0x0000000006f7e000 	/System/Library/Frameworks/OpenGL.framework/Versions/A/Libraries/libGFXShared.dylib
0x0000000006f7e000 	/System/Library/Frameworks/OpenGL.framework/Versions/A/Libraries/libGL.dylib
0x0000000006f7e000 	/System/Library/Frameworks/OpenGL.framework/Versions/A/Libraries/libGLImage.dylib
0x0000000006f7e000 	/System/Library/Frameworks/OpenGL.framework/Versions/A/Libraries/libCVMSPluginSupport.dylib
0x0000000006f7e000 	/System/Library/Frameworks/OpenGL.framework/Versions/A/Libraries/libCoreVMClient.dylib
0x0000000006f7e000 	/usr/lib/libcups.2.dylib
0x0000000006f7e000 	/System/Library/Frameworks/Kerberos.framework/Versions/A/Kerberos
0x0000000006f7e000 	/System/Library/Frameworks/GSS.framework/Versions/A/GSS
0x0000000006f7e000 	/usr/lib/libresolv.9.dylib
0x0000000006f7e000 	/usr/lib/libiconv.2.dylib
0x0000000006f7e000 	/System/Library/PrivateFrameworks/Heimdal.framework/Versions/A/Heimdal
0x0000000006f7e000 	/usr/lib/libheimdal-asn1.dylib
0x0000000006f7e000 	/System/Library/Frameworks/OpenDirectory.framework/Versions/A/OpenDirectory
0x0000000006f7e000 	/System/Library/PrivateFrameworks/CommonAuth.framework/Versions/A/CommonAuth
0x0000000006f7e000 	/System/Library/Frameworks/OpenDirectory.framework/Versions/A/Frameworks/CFOpenDirectory.framework/Versions/A/CFOpenDirectory
0x0000000006f7e000 	/System/Library/Frameworks/SecurityFoundation.framework/Versions/A/SecurityFoundation
0x0000000006f7e000 	/System/Library/PrivateFrameworks/LanguageModeling.framework/Versions/A/LanguageModeling
0x0000000006f7e000 	/usr/lib/libmarisa.dylib
0x0000000006f7e000 	/usr/lib/libChineseTokenizer.dylib
0x0000000006f7e000 	/usr/lib/libcmph.dylib
0x0000000006f7e000 	/usr/lib/libcompression.dylib
0x0000000006f7e000 	/System/Library/Frameworks/ServiceManagement.framework/Versions/A/ServiceManagement
0x0000000006f7e000 	/usr/lib/libxslt.1.dylib
0x0000000006f7e000 	/System/Library/Frameworks/Carbon.framework/Versions/A/Frameworks/Ink.framework/Versions/A/Ink
0x0000000006f7e000 	/usr/lib/libFosl_dynamic.dylib
0x0000000006f7e000 	/System/Library/PrivateFrameworks/FaceCore.framework/Versions/A/FaceCore
0x0000000006f7e000 	/System/Library/Frameworks/OpenCL.framework/Versions/A/OpenCL
0x0000000006f7e000 	/System/Library/PrivateFrameworks/CrashReporterSupport.framework/Versions/A/CrashReporterSupport
0x0000000006f7e000 	/System/Library/PrivateFrameworks/IconServices.framework/Versions/A/IconServices
0x0000000006f7e000 	/System/Library/PrivateFrameworks/Apple80211.framework/Versions/A/Apple80211
0x0000000006f7e000 	/System/Library/Frameworks/CoreWLAN.framework/Versions/A/CoreWLAN
0x0000000006f7e000 	/System/Library/Frameworks/IOBluetooth.framework/Versions/A/IOBluetooth
0x0000000006f7e000 	/System/Library/PrivateFrameworks/CoreWiFi.framework/Versions/A/CoreWiFi
0x0000000006f7e000 	/System/Library/Frameworks/CoreBluetooth.framework/Versions/A/CoreBluetooth
0x0000000006f7e000 	/System/Library/PrivateFrameworks/ChunkingLibrary.framework/Versions/A/ChunkingLibrary
0x0000000006f7e000 	/System/Library/PrivateFrameworks/DebugSymbols.framework/Versions/A/DebugSymbols
0x0000000006f7e000 	/System/Library/PrivateFrameworks/CoreSymbolication.framework/Versions/A/CoreSymbolication
0x0000000006f7e000 	/System/Library/PrivateFrameworks/Symbolication.framework/Versions/A/Symbolication
0x0000000006f7e000 	/System/Library/PrivateFrameworks/SpeechRecognitionCore.framework/Versions/A/SpeechRecognitionCore
0x0000000101258000 	/Library/Java/JavaVirtualMachines/jdk1.8.0_71.jdk/Contents/Home/jre/lib/server/libjvm.dylib
0x0000000006f7e000 	/usr/lib/libstdc++.6.dylib
0x00000001021e7000 	/Library/Java/JavaVirtualMachines/jdk1.8.0_71.jdk/Contents/Home/jre/lib/libverify.dylib
0x00000001021f5000 	/Library/Java/JavaVirtualMachines/jdk1.8.0_71.jdk/Contents/Home/jre/lib/libjava.dylib
0x0000000102234000 	/Library/Java/JavaVirtualMachines/jdk1.8.0_71.jdk/Contents/Home/jre/lib/libzip.dylib
0x0000000115e3d000 	/System/Library/Frameworks/JavaVM.framework/Frameworks/JavaRuntimeSupport.framework/JavaRuntimeSupport
0x0000000115e58000 	/System/Library/Frameworks/JavaVM.framework/Versions/A/Frameworks/JavaNativeFoundation.framework/Versions/A/JavaNativeFoundation
0x0000000115e6d000 	/System/Library/Frameworks/JavaVM.framework/Versions/A/JavaVM
0x0000000006f7e000 	/System/Library/Frameworks/Carbon.framework/Versions/A/Carbon
0x0000000115e7a000 	/System/Library/PrivateFrameworks/JavaLaunching.framework/Versions/A/JavaLaunching
0x0000000006f7e000 	/System/Library/Frameworks/Carbon.framework/Versions/A/Frameworks/CommonPanels.framework/Versions/A/CommonPanels
0x0000000006f7e000 	/System/Library/Frameworks/Carbon.framework/Versions/A/Frameworks/Help.framework/Versions/A/Help
0x0000000006f7e000 	/System/Library/Frameworks/Carbon.framework/Versions/A/Frameworks/ImageCapture.framework/Versions/A/ImageCapture
0x0000000006f7e000 	/System/Library/Frameworks/Carbon.framework/Versions/A/Frameworks/OpenScripting.framework/Versions/A/OpenScripting
0x0000000006f7e000 	/System/Library/Frameworks/Carbon.framework/Versions/A/Frameworks/Print.framework/Versions/A/Print
0x0000000006f7e000 	/System/Library/Frameworks/Carbon.framework/Versions/A/Frameworks/SecurityHI.framework/Versions/A/SecurityHI

VM Arguments:
jvm_args: -Djava.awt.headless=true -Xmx1024M -Dfile.encoding=UTF-8 -Duser.country=US -Duser.language=en -Duser.variant 
java_command: com.android.dx.command.Main --dex --force-jumbo --num-threads=4 --output /Users/Pierre/Code/Android/The-Litany/app/build/intermediates/pre-dexed/debug/com.android.support-recyclerview-v7-23.3.0_03f1afa58aa1782653b8334cf8fdfebf65f09983.jar /Users/Pierre/Code/Android/The-Litany/app/build/intermediates/exploded-aar/com.android.support/recyclerview-v7/23.3.0/jars/classes.jar
java_class_path (initial): /Users/Pierre/Library/Android/sdk/build-tools/23.0.3/lib/dx.jar
Launcher Type: SUN_STANDARD

Environment Variables:
PATH=/usr/bin:/bin:/usr/sbin:/sbin
SHELL=/bin/bash

Signal Handlers:
SIGSEGV: [libjvm.dylib+0x5a68c5], sa_mask[0]=11111111011111110111111111111111, sa_flags=SA_ONSTACK|SA_RESTART|SA_SIGINFO
SIGBUS: [libjvm.dylib+0x5a68c5], sa_mask[0]=11111111011111110111111111111111, sa_flags=SA_RESTART|SA_SIGINFO
SIGFPE: [libjvm.dylib+0x4805d4], sa_mask[0]=11111111011111110111111111111111, sa_flags=SA_RESTART|SA_SIGINFO
SIGPIPE: [libjvm.dylib+0x4805d4], sa_mask[0]=11111111011111110111111111111111, sa_flags=SA_RESTART|SA_SIGINFO
SIGXFSZ: [libjvm.dylib+0x4805d4], sa_mask[0]=11111111011111110111111111111111, sa_flags=SA_RESTART|SA_SIGINFO
SIGILL: [libjvm.dylib+0x4805d4], sa_mask[0]=11111111011111110111111111111111, sa_flags=SA_RESTART|SA_SIGINFO
SIGUSR1: SIG_DFL, sa_mask[0]=00000000000000000000000000000000, sa_flags=none
SIGUSR2: [libjvm.dylib+0x4800f2], sa_mask[0]=00100000000000000000000000000000, sa_flags=SA_RESTART|SA_SIGINFO
SIGHUP: [libjvm.dylib+0x47e6c9], sa_mask[0]=11111111011111110111111111111111, sa_flags=SA_RESTART|SA_SIGINFO
SIGINT: [libjvm.dylib+0x47e6c9], sa_mask[0]=11111111011111110111111111111111, sa_flags=SA_RESTART|SA_SIGINFO
SIGTERM: [libjvm.dylib+0x47e6c9], sa_mask[0]=11111111011111110111111111111111, sa_flags=SA_RESTART|SA_SIGINFO
SIGQUIT: [libjvm.dylib+0x47e6c9], sa_mask[0]=11111111011111110111111111111111, sa_flags=SA_RESTART|SA_SIGINFO


---------------  S Y S T E M  ---------------

OS:Bsduname:Darwin 15.2.0 Darwin Kernel Version 15.2.0: Fri Nov 13 19:56:56 PST 2015; root:xnu-3248.20.55~2/RELEASE_X86_64 x86_64
rlimit: STACK 8192k, CORE 0k, NPROC 709, NOFILE 10240, AS infinity
load average:7.78 6.84 5.46

CPU:total 4 (2 cores per cpu, 2 threads per core) family 6 model 61 stepping 4, cmov, cx8, fxsr, mmx, sse, sse2, sse3, ssse3, sse4.1, sse4.2, popcnt, avx, avx2, aes, clmul, erms, 3dnowpref, lzcnt, ht, tsc, tscinvbit, bmi1, bmi2, adx

Memory: 4k page, physical 16777216k(2845116k free)

/proc/meminfo:


vm_info: Java HotSpot(TM) 64-Bit Server VM (25.71-b15) for bsd-amd64 JRE (1.8.0_71-b15), built on Dec 22 2015 15:11:44 by "java_re" with gcc 4.2.1 (Based on Apple Inc. build 5658) (LLVM build 2336.11.00)

time: Wed Jul 20 17:06:58 2016
elapsed time: 1 seconds (0d 0h 0m 1s)

