#
# A fatal error has been detected by the Java Runtime Environment:
#
#  SIGSEGV (0xb) at pc=0x0000000106dd60f4, pid=4859, tid=17411
#
# JRE version: Java(TM) SE Runtime Environment (8.0_71-b15) (build 1.8.0_71-b15)
# Java VM: Java HotSpot(TM) 64-Bit Server VM (25.71-b15 mixed mode bsd-amd64 compressed oops)
# Problematic frame:
# V  [libjvm.dylib+0x3ce0f4]  PhaseIdealLoop::idom_no_update(Node*) const+0x12
#
# Failed to write core dump. Core dumps have been disabled. To enable core dumping, try "ulimit -c unlimited" before starting Java again
#
# If you would like to submit a bug report, please visit:
#   http://bugreport.java.com/bugreport/crash.jsp
#

---------------  T H R E A D  ---------------

Current thread (0x00007f9aca819000):  JavaThread "C2 CompilerThread1" daemon [_thread_in_native, id=17411, stack(0x0000700000bbb000,0x0000700000cbb000)]

siginfo: si_signo: 11 (SIGSEGV), si_code: 1 (SEGV_MAPERR), si_addr: 0x0000000000000008

Registers:
RAX=0x0000000000000000, RBX=0x0000700000cb5ed0, RCX=0x000000011d011010, RDX=0x00007f9aca22efa0
RSP=0x0000700000cb4580, RBP=0x0000700000cb4580, RSI=0x00007f9ac9938978, RDI=0x0000700000cb5ed0
R8 =0x0000000000000000, R9 =0x0000000107231008, R10=0x00000000ffffffff, R11=0xffffffffff429200
R12=0x00007f9aca22ea18, R13=0x000000000000049a, R14=0x00007f9ac9938978, R15=0x00007f9aca05a3e8
RIP=0x0000000106dd60f4, EFLAGS=0x0000000000010202, ERR=0x0000000000000004
  TRAPNO=0x000000000000000e

Top of Stack: (sp=0x0000700000cb4580)
0x0000700000cb4580:   0000700000cb45c0 0000000106ddf4c9
0x0000700000cb4590:   00007f9aca2327a8 0000700000cb48f0
0x0000700000cb45a0:   0000000000000002 00007f9aca242968
0x0000700000cb45b0:   0000700000cb5ed0 00007f9aca2327a8
0x0000700000cb45c0:   0000700000cb4620 0000000106ddf716
0x0000700000cb45d0:   0000700000cb68a0 0000700000cb48d0
0x0000700000cb45e0:   0000700000cb6880 0000700000cb48b0
0x0000700000cb45f0:   00000002000022d6 0000700000cb5ed0
0x0000700000cb4600:   0000000000000001 0000700000cb9f88
0x0000700000cb4610:   00007f9ac8e18a20 0000000000000017
0x0000700000cb4620:   0000700000cb4960 0000000106de5897
0x0000700000cb4630:   0000000100cb4650 0000700000cb4750
0x0000700000cb4640:   0000700000000000 00007f9ac8f39ec0
0x0000700000cb4650:   0000000000cb4730 00000000573828c4
0x0000700000cb4660:   000000011cfd2000 00000001067a8280
0x0000700000cb4670:   0000000000000000 0000000000000000
0x0000700000cb4680:   00007f9aca2d7c41 0000000000020010
0x0000700000cb4690:   00000001067a7000 0000700000cb9f88
0x0000700000cb46a0:   0000000000000000 0000000000000000
0x0000700000cb46b0:   0000700000cb47a0 00007fff8ed2ab57
0x0000700000cb46c0:   00007f9ac993f280 00007f9ac993f2f8
0x0000700000cb46d0:   00007f9ac993f210 0000000000000000
0x0000700000cb46e0:   00007f9aca1e27e8 0000000000000000
0x0000700000cb46f0:   0000000000000000 00007fff8ed2a5b1
0x0000700000cb4700:   00000001067d7000 000000000000fce0
0x0000700000cb4710:   0000700000cb9f88 0000000000000000
0x0000700000cb4720:   0000000106fe530a 00007fff8ed29001
0x0000700000cb4730:   0000010000000081 0000000000010010
0x0000700000cb4740:   0000000000001002 00000000ca2ae3e0
0x0000700000cb4750:   00000001067c2e00 00000001067c2e00
0x0000700000cb4760:   ff80000000001002 000000000000ffff
0x0000700000cb4770:   00000000000017be 0000000000000000 

Instructions: (pc=0x0000000106dd60f4)
0x0000000106dd60d4:   2c 83 e1 07 83 f9 05 48 0f 45 c2 5d c3 90 55 48
0x0000000106dd60e4:   89 e5 8b 46 28 48 8b 8f f0 09 00 00 48 8b 04 c1
0x0000000106dd60f4:   48 8b 48 08 48 83 39 00 75 26 8b 4f 28 8b 40 28
0x0000000106dd6104:   39 c1 77 0e 31 c0 48 8b 50 08 48 83 3a 00 74 ed 

Register to memory mapping:

RAX=0x0000000000000000 is an unknown value
RBX=0x0000700000cb5ed0 is pointing into the stack for thread: 0x00007f9aca819000
RCX=0x000000011d011010 is an unknown value
RDX=0x00007f9aca22efa0 is an unknown value
RSP=0x0000700000cb4580 is pointing into the stack for thread: 0x00007f9aca819000
RBP=0x0000700000cb4580 is pointing into the stack for thread: 0x00007f9aca819000
RSI=0x00007f9ac9938978 is an unknown value
RDI=0x0000700000cb5ed0 is pointing into the stack for thread: 0x00007f9aca819000
R8 =0x0000000000000000 is an unknown value
R9 =0x0000000107231008: _ZL8tc_mutex+0x18 in /Library/Java/JavaVirtualMachines/jdk1.8.0_71.jdk/Contents/Home/jre/lib/server/libjvm.dylib at 0x0000000106a08000
R10=0x00000000ffffffff is an unknown value
R11=0xffffffffff429200 is an unknown value
R12=0x00007f9aca22ea18 is an unknown value
R13=0x000000000000049a is an unknown value
R14=0x00007f9ac9938978 is an unknown value
R15=0x00007f9aca05a3e8 is an unknown value


Stack: [0x0000700000bbb000,0x0000700000cbb000],  sp=0x0000700000cb4580,  free space=997k
Native frames: (J=compiled Java code, j=interpreted, Vv=VM code, C=native code)
V  [libjvm.dylib+0x3ce0f4]  PhaseIdealLoop::idom_no_update(Node*) const+0x12
V  [libjvm.dylib+0x3d74c9]  PhaseIdealLoop::build_loop_late_post(Node*)+0x1bf
V  [libjvm.dylib+0x3d7716]  PhaseIdealLoop::build_loop_late(VectorSet&, Node_List&, Node_Stack&)+0x160
V  [libjvm.dylib+0x3dd897]  PhaseIdealLoop::build_and_optimize(bool, bool)+0x639
V  [libjvm.dylib+0x1ae306]  Compile::Optimize()+0x440
V  [libjvm.dylib+0x1b1333]  Compile::Compile(ciEnv*, C2Compiler*, ciMethod*, int, bool, bool, bool)+0x8cf
V  [libjvm.dylib+0x14f05e]  C2Compiler::compile_method(ciEnv*, ciMethod*, int)+0xac
V  [libjvm.dylib+0x1b49ba]  CompileBroker::invoke_compiler_on_method(CompileTask*)+0x5b2
V  [libjvm.dylib+0x1b6f01]  CompileBroker::compiler_thread_loop()+0x291
V  [libjvm.dylib+0x560e73]  JavaThread::thread_main_inner()+0x9b
V  [libjvm.dylib+0x56256e]  JavaThread::run()+0x1c2
V  [libjvm.dylib+0x482fc2]  java_start(Thread*)+0xf6
C  [libsystem_pthread.dylib+0x3c13]  _pthread_body+0x83
C  [libsystem_pthread.dylib+0x3b90]  _pthread_body+0x0
C  [libsystem_pthread.dylib+0x1375]  thread_start+0xd
C  0x0000000000000000


Current CompileTask:
C2:   1497  565       4       com.android.dx.ssa.NormalSsaInsn::accept (25 bytes)


---------------  P R O C E S S  ---------------

Java Threads: ( => current thread )
  0x00007f9ac904e000 JavaThread "pool-1-thread-4" [_thread_in_Java, id=21507, stack(0x00007000013d3000,0x00007000014d3000)]
  0x00007f9aca08c800 JavaThread "pool-1-thread-3" [_thread_blocked, id=20995, stack(0x00007000012d0000,0x00007000013d0000)]
  0x00007f9aca865000 JavaThread "pool-1-thread-2" [_thread_in_Java, id=20483, stack(0x00007000011cd000,0x00007000012cd000)]
  0x00007f9ac98b9000 JavaThread "pool-2-thread-1" [_thread_blocked, id=19971, stack(0x00007000010ca000,0x00007000011ca000)]
  0x00007f9ac991d000 JavaThread "pool-1-thread-1" [_thread_in_Java, id=19459, stack(0x0000700000fc7000,0x00007000010c7000)]
  0x00007f9ac986c000 JavaThread "Service Thread" daemon [_thread_blocked, id=18435, stack(0x0000700000dc1000,0x0000700000ec1000)]
  0x00007f9aca027800 JavaThread "C1 CompilerThread2" daemon [_thread_in_vm, id=17923, stack(0x0000700000cbe000,0x0000700000dbe000)]
=>0x00007f9aca819000 JavaThread "C2 CompilerThread1" daemon [_thread_in_native, id=17411, stack(0x0000700000bbb000,0x0000700000cbb000)]
  0x00007f9aca817000 JavaThread "C2 CompilerThread0" daemon [_thread_in_native, id=16899, stack(0x0000700000ab8000,0x0000700000bb8000)]
  0x00007f9ac9879800 JavaThread "Signal Dispatcher" daemon [_thread_blocked, id=13839, stack(0x00007000009b5000,0x0000700000ab5000)]
  0x00007f9ac9807000 JavaThread "Finalizer" daemon [_thread_blocked, id=11779, stack(0x000070000082f000,0x000070000092f000)]
  0x00007f9aca000800 JavaThread "Reference Handler" daemon [_thread_blocked, id=11267, stack(0x000070000072c000,0x000070000082c000)]
  0x00007f9ac900c000 JavaThread "main" [_thread_blocked, id=4099, stack(0x0000700000084000,0x0000700000184000)]

Other Threads:
  0x00007f9aca80e000 VMThread [stack: 0x0000700000629000,0x0000700000729000] [id=10755]
  0x00007f9aca819800 WatcherThread [stack: 0x0000700000ec4000,0x0000700000fc4000] [id=18947]

VM state:not at safepoint (normal execution)

VM Mutex/Monitor currently owned by a thread: None

Heap:
 PSYoungGen      total 76288K, used 27530K [0x00000007aab00000, 0x00000007b0000000, 0x00000007c0000000)
  eden space 65536K, 42% used [0x00000007aab00000,0x00000007ac5e29f8,0x00000007aeb00000)
  from space 10752K, 0% used [0x00000007af580000,0x00000007af580000,0x00000007b0000000)
  to   space 10752K, 0% used [0x00000007aeb00000,0x00000007aeb00000,0x00000007af580000)
 ParOldGen       total 175104K, used 0K [0x0000000780000000, 0x000000078ab00000, 0x00000007aab00000)
  object space 175104K, 0% used [0x0000000780000000,0x0000000780000000,0x000000078ab00000)
 Metaspace       used 5739K, capacity 6704K, committed 6784K, reserved 1056768K
  class space    used 596K, capacity 616K, committed 640K, reserved 1048576K

Card table byte_map: [0x0000000117600000,0x0000000117801000] byte_map_base: 0x0000000113a00000

Marking Bits: (ParMarkBitMap*) 0x00000001072ebea0
 Begin Bits: [0x0000000117957000, 0x0000000118957000)
 End Bits:   [0x0000000118957000, 0x0000000119957000)

Polling page: 0x00000001079da000

CodeCache: size=245760Kb used=2480Kb max_used=2480Kb free=243279Kb
 bounds [0x00000001079ed000, 0x0000000107c6d000, 0x00000001169ed000]
 total_blobs=876 nmethods=608 adapters=182
 compilation: enabled

Compilation events (10 events):
Event: 1.331 Thread 0x00007f9aca027800  595       3       com.android.dx.util.IntList::indexOf (16 bytes)
Event: 1.331 Thread 0x00007f9aca027800 nmethod 595 0x0000000107c39490 code [0x0000000107c39600, 0x0000000107c39868]
Event: 1.331 Thread 0x00007f9aca027800  582       3       com.android.dx.dex.code.DalvInsn::<init> (67 bytes)
Event: 1.331 Thread 0x00007f9aca027800 nmethod 582 0x0000000107c39910 code [0x0000000107c39ac0, 0x0000000107c39fa8]
Event: 1.331 Thread 0x00007f9aca027800  571       3       java.util.Collections$UnmodifiableCollection$1::hasNext (10 bytes)
Event: 1.331 Thread 0x00007f9aca027800 nmethod 571 0x0000000107c3a190 code [0x0000000107c3a300, 0x0000000107c3a528]
Event: 1.331 Thread 0x00007f9aca027800  574   !   3       com.android.dx.ssa.BasicRegisterMapper::map (44 bytes)
Event: 1.331 Thread 0x00007f9aca027800 nmethod 574 0x0000000107c3a5d0 code [0x0000000107c3a780, 0x0000000107c3ad88]
Event: 1.332 Thread 0x00007f9aca027800  610       3       com.android.dx.ssa.SsaInsn::<init> (29 bytes)
Event: 1.336 Thread 0x00007f9aca027800 nmethod 610 0x0000000107c3b010 code [0x0000000107c3b1a0, 0x0000000107c3b488]

GC Heap History (0 events):
No events

Deoptimization events (10 events):
Event: 0.840 Thread 0x00007f9aca08c800 Uncommon trap: reason=bimorphic action=maybe_recompile pc=0x0000000107b89b54 method=java.util.HashMap.getNode(ILjava/lang/Object;)Ljava/util/HashMap$Node; @ 59
Event: 0.840 Thread 0x00007f9ac991d000 Uncommon trap: reason=bimorphic action=maybe_recompile pc=0x0000000107b89b54 method=java.util.HashMap.getNode(ILjava/lang/Object;)Ljava/util/HashMap$Node; @ 59
Event: 0.840 Thread 0x00007f9aca865000 Uncommon trap: reason=bimorphic action=maybe_recompile pc=0x0000000107b89b54 method=java.util.HashMap.getNode(ILjava/lang/Object;)Ljava/util/HashMap$Node; @ 59
Event: 0.868 Thread 0x00007f9aca08c800 Uncommon trap: reason=class_check action=maybe_recompile pc=0x0000000107ba53b4 method=java.util.HashMap.getNode(ILjava/lang/Object;)Ljava/util/HashMap$Node; @ 126
Event: 1.056 Thread 0x00007f9ac904e000 Uncommon trap: reason=class_check action=maybe_recompile pc=0x0000000107ba53b4 method=java.util.HashMap.getNode(ILjava/lang/Object;)Ljava/util/HashMap$Node; @ 126
Event: 1.057 Thread 0x00007f9aca865000 Uncommon trap: reason=class_check action=maybe_recompile pc=0x0000000107ba53b4 method=java.util.HashMap.getNode(ILjava/lang/Object;)Ljava/util/HashMap$Node; @ 126
Event: 1.058 Thread 0x00007f9ac904e000 Uncommon trap: reason=class_check action=maybe_recompile pc=0x0000000107ba53b4 method=java.util.HashMap.getNode(ILjava/lang/Object;)Ljava/util/HashMap$Node; @ 126
Event: 1.060 Thread 0x00007f9ac904e000 Uncommon trap: reason=class_check action=maybe_recompile pc=0x0000000107ba9f28 method=java.util.HashMap.getNode(ILjava/lang/Object;)Ljava/util/HashMap$Node; @ 126
Event: 1.218 Thread 0x00007f9ac904e000 Uncommon trap: reason=unstable_if action=reinterpret pc=0x0000000107bf8b70 method=java.util.BitSet.nextSetBit(I)I @ 87
Event: 1.246 Thread 0x00007f9ac904e000 Uncommon trap: reason=unstable_if action=reinterpret pc=0x0000000107bfe16c method=java.util.HashMap.getNode(ILjava/lang/Object;)Ljava/util/HashMap$Node; @ 129

Internal exceptions (10 events):
Event: 0.304 Thread 0x00007f9ac900c000 Exception <a 'java/security/PrivilegedActionException'> (0x00000007aaba4cf0) thrown at [/Users/java_re/workspace/8-2-build-macosx-x86_64/jdk8u71/5731/hotspot/src/share/vm/prims/jvm.cpp, line 1386]
Event: 0.304 Thread 0x00007f9ac900c000 Exception <a 'java/util/zip/ZipException'> (0x00000007aaba5a70) thrown at [/Users/java_re/workspace/8-2-build-macosx-x86_64/jdk8u71/5731/hotspot/src/share/vm/prims/jni.cpp, line 709]
Event: 0.304 Thread 0x00007f9ac900c000 Exception <a 'java/security/PrivilegedActionException'> (0x00000007aaba5c78) thrown at [/Users/java_re/workspace/8-2-build-macosx-x86_64/jdk8u71/5731/hotspot/src/share/vm/prims/jvm.cpp, line 1386]
Event: 0.304 Thread 0x00007f9ac900c000 Exception <a 'java/security/PrivilegedActionException'> (0x00000007aaba5e88) thrown at [/Users/java_re/workspace/8-2-build-macosx-x86_64/jdk8u71/5731/hotspot/src/share/vm/prims/jvm.cpp, line 1386]
Event: 0.305 Thread 0x00007f9ac900c000 Exception <a 'java/util/zip/ZipException'> (0x00000007aaba6c08) thrown at [/Users/java_re/workspace/8-2-build-macosx-x86_64/jdk8u71/5731/hotspot/src/share/vm/prims/jni.cpp, line 709]
Event: 0.305 Thread 0x00007f9ac900c000 Exception <a 'java/security/PrivilegedActionException'> (0x00000007aaba6e10) thrown at [/Users/java_re/workspace/8-2-build-macosx-x86_64/jdk8u71/5731/hotspot/src/share/vm/prims/jvm.cpp, line 1386]
Event: 0.305 Thread 0x00007f9ac900c000 Exception <a 'java/security/PrivilegedActionException'> (0x00000007aaba7020) thrown at [/Users/java_re/workspace/8-2-build-macosx-x86_64/jdk8u71/5731/hotspot/src/share/vm/prims/jvm.cpp, line 1386]
Event: 0.308 Thread 0x00007f9ac900c000 Exception <a 'java/util/zip/ZipException'> (0x00000007aabb8a28) thrown at [/Users/java_re/workspace/8-2-build-macosx-x86_64/jdk8u71/5731/hotspot/src/share/vm/prims/jni.cpp, line 709]
Event: 0.308 Thread 0x00007f9ac900c000 Exception <a 'java/security/PrivilegedActionException'> (0x00000007aabb8c30) thrown at [/Users/java_re/workspace/8-2-build-macosx-x86_64/jdk8u71/5731/hotspot/src/share/vm/prims/jvm.cpp, line 1386]
Event: 0.308 Thread 0x00007f9ac900c000 Exception <a 'java/security/PrivilegedActionException'> (0x00000007aabb8e40) thrown at [/Users/java_re/workspace/8-2-build-macosx-x86_64/jdk8u71/5731/hotspot/src/share/vm/prims/jvm.cpp, line 1386]

Events (10 events):
Event: 1.305 loading class java/util/HashMap$KeyIterator
Event: 1.305 loading class java/util/HashMap$KeyIterator done
Event: 1.336 Thread 0x00007f9ac991d000 DEOPT PACKING pc=0x0000000107b5e21d sp=0x00007000010c6140
Event: 1.336 Thread 0x00007f9ac991d000 DEOPT UNPACKING pc=0x0000000107a34633 sp=0x00007000010c5e50 mode 0
Event: 1.342 loading class com/android/dx/dex/file/MethodAnnotationStruct
Event: 1.342 loading class com/android/dx/dex/file/MethodAnnotationStruct done
Event: 1.342 Executing VM operation: ForceSafepoint
Event: 1.347 Executing VM operation: ForceSafepoint done
Event: 1.349 Thread 0x00007f9ac991d000 DEOPT PACKING pc=0x0000000107b5e21d sp=0x00007000010c6140
Event: 1.349 Thread 0x00007f9ac991d000 DEOPT UNPACKING pc=0x0000000107a34633 sp=0x00007000010c5e50 mode 0


Dynamic libraries:
0x0000000006f7e000 	/System/Library/Frameworks/Cocoa.framework/Versions/A/Cocoa
0x0000000006f7e000 	/System/Library/Frameworks/Security.framework/Versions/A/Security
0x0000000006f7e000 	/System/Library/Frameworks/ApplicationServices.framework/Versions/A/ApplicationServices
0x0000000006f7e000 	/usr/lib/libz.1.dylib
0x0000000006f7e000 	/usr/lib/libSystem.B.dylib
0x0000000006f7e000 	/usr/lib/libobjc.A.dylib
0x0000000006f7e000 	/System/Library/Frameworks/CoreFoundation.framework/Versions/A/CoreFoundation
0x0000000006f7e000 	/System/Library/Frameworks/Foundation.framework/Versions/C/Foundation
0x0000000006f7e000 	/System/Library/Frameworks/AppKit.framework/Versions/C/AppKit
0x0000000006f7e000 	/System/Library/Frameworks/CoreData.framework/Versions/A/CoreData
0x0000000006f7e000 	/System/Library/PrivateFrameworks/RemoteViewServices.framework/Versions/A/RemoteViewServices
0x0000000006f7e000 	/System/Library/PrivateFrameworks/UIFoundation.framework/Versions/A/UIFoundation
0x0000000006f7e000 	/usr/lib/libScreenReader.dylib
0x0000000006f7e000 	/System/Library/Frameworks/Accelerate.framework/Versions/A/Accelerate
0x0000000006f7e000 	/System/Library/Frameworks/IOSurface.framework/Versions/A/IOSurface
0x0000000006f7e000 	/System/Library/Frameworks/AudioToolbox.framework/Versions/A/AudioToolbox
0x0000000006f7e000 	/System/Library/Frameworks/AudioUnit.framework/Versions/A/AudioUnit
0x0000000006f7e000 	/System/Library/PrivateFrameworks/DataDetectorsCore.framework/Versions/A/DataDetectorsCore
0x0000000006f7e000 	/System/Library/PrivateFrameworks/DesktopServicesPriv.framework/Versions/A/DesktopServicesPriv
0x0000000006f7e000 	/System/Library/Frameworks/Carbon.framework/Versions/A/Frameworks/HIToolbox.framework/Versions/A/HIToolbox
0x0000000006f7e000 	/System/Library/Frameworks/QuartzCore.framework/Versions/A/QuartzCore
0x0000000006f7e000 	/System/Library/Frameworks/Carbon.framework/Versions/A/Frameworks/SpeechRecognition.framework/Versions/A/SpeechRecognition
0x0000000006f7e000 	/usr/lib/libauto.dylib
0x0000000006f7e000 	/usr/lib/libicucore.A.dylib
0x0000000006f7e000 	/usr/lib/libxml2.2.dylib
0x0000000006f7e000 	/System/Library/PrivateFrameworks/CoreUI.framework/Versions/A/CoreUI
0x0000000006f7e000 	/System/Library/Frameworks/CoreAudio.framework/Versions/A/CoreAudio
0x0000000006f7e000 	/System/Library/Frameworks/DiskArbitration.framework/Versions/A/DiskArbitration
0x0000000006f7e000 	/usr/lib/liblangid.dylib
0x0000000006f7e000 	/System/Library/PrivateFrameworks/MultitouchSupport.framework/Versions/A/MultitouchSupport
0x0000000006f7e000 	/System/Library/Frameworks/IOKit.framework/Versions/A/IOKit
0x0000000006f7e000 	/usr/lib/libDiagnosticMessagesClient.dylib
0x0000000006f7e000 	/System/Library/Frameworks/CoreServices.framework/Versions/A/CoreServices
0x0000000006f7e000 	/System/Library/PrivateFrameworks/PerformanceAnalysis.framework/Versions/A/PerformanceAnalysis
0x0000000006f7e000 	/System/Library/PrivateFrameworks/GenerationalStorage.framework/Versions/A/GenerationalStorage
0x0000000006f7e000 	/System/Library/Frameworks/OpenGL.framework/Versions/A/OpenGL
0x0000000006f7e000 	/System/Library/PrivateFrameworks/Sharing.framework/Versions/A/Sharing
0x0000000006f7e000 	/System/Library/Frameworks/CoreGraphics.framework/Versions/A/CoreGraphics
0x0000000006f7e000 	/System/Library/Frameworks/CoreImage.framework/Versions/A/CoreImage
0x0000000006f7e000 	/System/Library/Frameworks/CoreText.framework/Versions/A/CoreText
0x0000000006f7e000 	/System/Library/Frameworks/ImageIO.framework/Versions/A/ImageIO
0x0000000006f7e000 	/System/Library/PrivateFrameworks/Backup.framework/Versions/A/Backup
0x0000000006f7e000 	/usr/lib/libextension.dylib
0x0000000006f7e000 	/usr/lib/libarchive.2.dylib
0x0000000006f7e000 	/System/Library/Frameworks/CFNetwork.framework/Versions/A/CFNetwork
0x0000000006f7e000 	/System/Library/Frameworks/SystemConfiguration.framework/Versions/A/SystemConfiguration
0x0000000006f7e000 	/usr/lib/libCRFSuite.dylib
0x0000000006f7e000 	/usr/lib/libc++.1.dylib
0x0000000006f7e000 	/usr/lib/libc++abi.dylib
0x0000000006f7e000 	/usr/lib/system/libcache.dylib
0x0000000006f7e000 	/usr/lib/system/libcommonCrypto.dylib
0x0000000006f7e000 	/usr/lib/system/libcompiler_rt.dylib
0x0000000006f7e000 	/usr/lib/system/libcopyfile.dylib
0x0000000006f7e000 	/usr/lib/system/libcorecrypto.dylib
0x0000000006f7e000 	/usr/lib/system/libdispatch.dylib
0x0000000006f7e000 	/usr/lib/system/libdyld.dylib
0x0000000006f7e000 	/usr/lib/system/libkeymgr.dylib
0x0000000006f7e000 	/usr/lib/system/liblaunch.dylib
0x0000000006f7e000 	/usr/lib/system/libmacho.dylib
0x0000000006f7e000 	/usr/lib/system/libquarantine.dylib
0x0000000006f7e000 	/usr/lib/system/libremovefile.dylib
0x0000000006f7e000 	/usr/lib/system/libsystem_asl.dylib
0x0000000006f7e000 	/usr/lib/system/libsystem_blocks.dylib
0x0000000006f7e000 	/usr/lib/system/libsystem_c.dylib
0x0000000006f7e000 	/usr/lib/system/libsystem_configuration.dylib
0x0000000006f7e000 	/usr/lib/system/libsystem_coreservices.dylib
0x0000000006f7e000 	/usr/lib/system/libsystem_coretls.dylib
0x0000000006f7e000 	/usr/lib/system/libsystem_dnssd.dylib
0x0000000006f7e000 	/usr/lib/system/libsystem_info.dylib
0x0000000006f7e000 	/usr/lib/system/libsystem_kernel.dylib
0x0000000006f7e000 	/usr/lib/system/libsystem_m.dylib
0x0000000006f7e000 	/usr/lib/system/libsystem_malloc.dylib
0x0000000006f7e000 	/usr/lib/system/libsystem_network.dylib
0x0000000006f7e000 	/usr/lib/system/libsystem_networkextension.dylib
0x0000000006f7e000 	/usr/lib/system/libsystem_notify.dylib
0x0000000006f7e000 	/usr/lib/system/libsystem_platform.dylib
0x0000000006f7e000 	/usr/lib/system/libsystem_pthread.dylib
0x0000000006f7e000 	/usr/lib/system/libsystem_sandbox.dylib
0x0000000006f7e000 	/usr/lib/system/libsystem_secinit.dylib
0x0000000006f7e000 	/usr/lib/system/libsystem_trace.dylib
0x0000000006f7e000 	/usr/lib/system/libunc.dylib
0x0000000006f7e000 	/usr/lib/system/libunwind.dylib
0x0000000006f7e000 	/usr/lib/system/libxpc.dylib
0x0000000006f7e000 	/usr/lib/libenergytrace.dylib
0x0000000006f7e000 	/usr/lib/libbsm.0.dylib
0x0000000006f7e000 	/usr/lib/system/libkxld.dylib
0x0000000006f7e000 	/usr/lib/libxar.1.dylib
0x0000000006f7e000 	/usr/lib/libsqlite3.dylib
0x0000000006f7e000 	/usr/lib/libpam.2.dylib
0x0000000006f7e000 	/usr/lib/libOpenScriptingUtil.dylib
0x0000000006f7e000 	/usr/lib/libbz2.1.0.dylib
0x0000000006f7e000 	/usr/lib/liblzma.5.dylib
0x0000000006f7e000 	/System/Library/Frameworks/CoreServices.framework/Versions/A/Frameworks/FSEvents.framework/Versions/A/FSEvents
0x0000000006f7e000 	/System/Library/Frameworks/CoreServices.framework/Versions/A/Frameworks/CarbonCore.framework/Versions/A/CarbonCore
0x0000000006f7e000 	/System/Library/Frameworks/CoreServices.framework/Versions/A/Frameworks/Metadata.framework/Versions/A/Metadata
0x0000000006f7e000 	/System/Library/Frameworks/CoreServices.framework/Versions/A/Frameworks/OSServices.framework/Versions/A/OSServices
0x0000000006f7e000 	/System/Library/Frameworks/CoreServices.framework/Versions/A/Frameworks/SearchKit.framework/Versions/A/SearchKit
0x0000000006f7e000 	/System/Library/Frameworks/CoreServices.framework/Versions/A/Frameworks/AE.framework/Versions/A/AE
0x0000000006f7e000 	/System/Library/Frameworks/CoreServices.framework/Versions/A/Frameworks/LaunchServices.framework/Versions/A/LaunchServices
0x0000000006f7e000 	/System/Library/Frameworks/CoreServices.framework/Versions/A/Frameworks/DictionaryServices.framework/Versions/A/DictionaryServices
0x0000000006f7e000 	/System/Library/Frameworks/CoreServices.framework/Versions/A/Frameworks/SharedFileList.framework/Versions/A/SharedFileList
0x0000000006f7e000 	/System/Library/Frameworks/NetFS.framework/Versions/A/NetFS
0x0000000006f7e000 	/System/Library/PrivateFrameworks/NetAuth.framework/Versions/A/NetAuth
0x0000000006f7e000 	/System/Library/PrivateFrameworks/login.framework/Versions/A/Frameworks/loginsupport.framework/Versions/A/loginsupport
0x0000000006f7e000 	/System/Library/PrivateFrameworks/TCC.framework/Versions/A/TCC
0x0000000006f7e000 	/usr/lib/libmecabra.dylib
0x0000000006f7e000 	/System/Library/Frameworks/ApplicationServices.framework/Versions/A/Frameworks/ATS.framework/Versions/A/ATS
0x0000000006f7e000 	/System/Library/Frameworks/ApplicationServices.framework/Versions/A/Frameworks/ColorSync.framework/Versions/A/ColorSync
0x0000000006f7e000 	/System/Library/Frameworks/ApplicationServices.framework/Versions/A/Frameworks/HIServices.framework/Versions/A/HIServices
0x0000000006f7e000 	/System/Library/Frameworks/ApplicationServices.framework/Versions/A/Frameworks/LangAnalysis.framework/Versions/A/LangAnalysis
0x0000000006f7e000 	/System/Library/Frameworks/ApplicationServices.framework/Versions/A/Frameworks/PrintCore.framework/Versions/A/PrintCore
0x0000000006f7e000 	/System/Library/Frameworks/ApplicationServices.framework/Versions/A/Frameworks/QD.framework/Versions/A/QD
0x0000000006f7e000 	/System/Library/Frameworks/ApplicationServices.framework/Versions/A/Frameworks/SpeechSynthesis.framework/Versions/A/SpeechSynthesis
0x0000000006f7e000 	/System/Library/Frameworks/Metal.framework/Versions/A/Metal
0x0000000006f7e000 	/System/Library/Frameworks/Accelerate.framework/Versions/A/Frameworks/vImage.framework/Versions/A/vImage
0x0000000006f7e000 	/System/Library/Frameworks/Accelerate.framework/Versions/A/Frameworks/vecLib.framework/Versions/A/vecLib
0x0000000006f7e000 	/System/Library/Frameworks/Accelerate.framework/Versions/A/Frameworks/vecLib.framework/Versions/A/libvDSP.dylib
0x0000000006f7e000 	/System/Library/Frameworks/Accelerate.framework/Versions/A/Frameworks/vecLib.framework/Versions/A/libvMisc.dylib
0x0000000006f7e000 	/System/Library/Frameworks/Accelerate.framework/Versions/A/Frameworks/vecLib.framework/Versions/A/libLAPACK.dylib
0x0000000006f7e000 	/System/Library/Frameworks/Accelerate.framework/Versions/A/Frameworks/vecLib.framework/Versions/A/libBLAS.dylib
0x0000000006f7e000 	/System/Library/Frameworks/Accelerate.framework/Versions/A/Frameworks/vecLib.framework/Versions/A/libLinearAlgebra.dylib
0x0000000006f7e000 	/System/Library/Frameworks/Accelerate.framework/Versions/A/Frameworks/vecLib.framework/Versions/A/libSparseBLAS.dylib
0x0000000006f7e000 	/System/Library/PrivateFrameworks/GPUCompiler.framework/libmetal_timestamp.dylib
0x0000000006f7e000 	/System/Library/Frameworks/OpenGL.framework/Versions/A/Libraries/libCoreFSCache.dylib
0x0000000006f7e000 	/System/Library/PrivateFrameworks/IOAccelerator.framework/Versions/A/IOAccelerator
0x0000000006f7e000 	/System/Library/Frameworks/ApplicationServices.framework/Versions/A/Frameworks/ATS.framework/Versions/A/Resources/libFontParser.dylib
0x0000000006f7e000 	/System/Library/Frameworks/ApplicationServices.framework/Versions/A/Frameworks/ATS.framework/Versions/A/Resources/libFontRegistry.dylib
0x0000000006f7e000 	/System/Library/PrivateFrameworks/AppleVPA.framework/Versions/A/AppleVPA
0x0000000006f7e000 	/System/Library/PrivateFrameworks/AppleJPEG.framework/Versions/A/AppleJPEG
0x0000000006f7e000 	/System/Library/Frameworks/ImageIO.framework/Versions/A/Resources/libJPEG.dylib
0x0000000006f7e000 	/System/Library/Frameworks/ImageIO.framework/Versions/A/Resources/libTIFF.dylib
0x0000000006f7e000 	/System/Library/Frameworks/ImageIO.framework/Versions/A/Resources/libPng.dylib
0x0000000006f7e000 	/System/Library/Frameworks/ImageIO.framework/Versions/A/Resources/libGIF.dylib
0x0000000006f7e000 	/System/Library/Frameworks/ImageIO.framework/Versions/A/Resources/libJP2.dylib
0x0000000006f7e000 	/System/Library/Frameworks/ImageIO.framework/Versions/A/Resources/libRadiance.dylib
0x0000000006f7e000 	/System/Library/Frameworks/CoreVideo.framework/Versions/A/CoreVideo
0x0000000006f7e000 	/System/Library/Frameworks/OpenGL.framework/Versions/A/Libraries/libGLU.dylib
0x0000000006f7e000 	/System/Library/Frameworks/OpenGL.framework/Versions/A/Libraries/libGFXShared.dylib
0x0000000006f7e000 	/System/Library/Frameworks/OpenGL.framework/Versions/A/Libraries/libGL.dylib
0x0000000006f7e000 	/System/Library/Frameworks/OpenGL.framework/Versions/A/Libraries/libGLImage.dylib
0x0000000006f7e000 	/System/Library/Frameworks/OpenGL.framework/Versions/A/Libraries/libCVMSPluginSupport.dylib
0x0000000006f7e000 	/System/Library/Frameworks/OpenGL.framework/Versions/A/Libraries/libCoreVMClient.dylib
0x0000000006f7e000 	/usr/lib/libcups.2.dylib
0x0000000006f7e000 	/System/Library/Frameworks/Kerberos.framework/Versions/A/Kerberos
0x0000000006f7e000 	/System/Library/Frameworks/GSS.framework/Versions/A/GSS
0x0000000006f7e000 	/usr/lib/libresolv.9.dylib
0x0000000006f7e000 	/usr/lib/libiconv.2.dylib
0x0000000006f7e000 	/System/Library/PrivateFrameworks/Heimdal.framework/Versions/A/Heimdal
0x0000000006f7e000 	/usr/lib/libheimdal-asn1.dylib
0x0000000006f7e000 	/System/Library/Frameworks/OpenDirectory.framework/Versions/A/OpenDirectory
0x0000000006f7e000 	/System/Library/PrivateFrameworks/CommonAuth.framework/Versions/A/CommonAuth
0x0000000006f7e000 	/System/Library/Frameworks/OpenDirectory.framework/Versions/A/Frameworks/CFOpenDirectory.framework/Versions/A/CFOpenDirectory
0x0000000006f7e000 	/System/Library/Frameworks/SecurityFoundation.framework/Versions/A/SecurityFoundation
0x0000000006f7e000 	/System/Library/PrivateFrameworks/LanguageModeling.framework/Versions/A/LanguageModeling
0x0000000006f7e000 	/usr/lib/libmarisa.dylib
0x0000000006f7e000 	/usr/lib/libChineseTokenizer.dylib
0x0000000006f7e000 	/usr/lib/libcmph.dylib
0x0000000006f7e000 	/usr/lib/libcompression.dylib
0x0000000006f7e000 	/System/Library/Frameworks/ServiceManagement.framework/Versions/A/ServiceManagement
0x0000000006f7e000 	/usr/lib/libxslt.1.dylib
0x0000000006f7e000 	/System/Library/Frameworks/Carbon.framework/Versions/A/Frameworks/Ink.framework/Versions/A/Ink
0x0000000006f7e000 	/usr/lib/libFosl_dynamic.dylib
0x0000000006f7e000 	/System/Library/PrivateFrameworks/FaceCore.framework/Versions/A/FaceCore
0x0000000006f7e000 	/System/Library/Frameworks/OpenCL.framework/Versions/A/OpenCL
0x0000000006f7e000 	/System/Library/PrivateFrameworks/CrashReporterSupport.framework/Versions/A/CrashReporterSupport
0x0000000006f7e000 	/System/Library/PrivateFrameworks/IconServices.framework/Versions/A/IconServices
0x0000000006f7e000 	/System/Library/PrivateFrameworks/Apple80211.framework/Versions/A/Apple80211
0x0000000006f7e000 	/System/Library/Frameworks/CoreWLAN.framework/Versions/A/CoreWLAN
0x0000000006f7e000 	/System/Library/Frameworks/IOBluetooth.framework/Versions/A/IOBluetooth
0x0000000006f7e000 	/System/Library/PrivateFrameworks/CoreWiFi.framework/Versions/A/CoreWiFi
0x0000000006f7e000 	/System/Library/Frameworks/CoreBluetooth.framework/Versions/A/CoreBluetooth
0x0000000006f7e000 	/System/Library/PrivateFrameworks/ChunkingLibrary.framework/Versions/A/ChunkingLibrary
0x0000000006f7e000 	/System/Library/PrivateFrameworks/DebugSymbols.framework/Versions/A/DebugSymbols
0x0000000006f7e000 	/System/Library/PrivateFrameworks/CoreSymbolication.framework/Versions/A/CoreSymbolication
0x0000000006f7e000 	/System/Library/PrivateFrameworks/Symbolication.framework/Versions/A/Symbolication
0x0000000006f7e000 	/System/Library/PrivateFrameworks/SpeechRecognitionCore.framework/Versions/A/SpeechRecognitionCore
0x0000000106a08000 	/Library/Java/JavaVirtualMachines/jdk1.8.0_71.jdk/Contents/Home/jre/lib/server/libjvm.dylib
0x0000000006f7e000 	/usr/lib/libstdc++.6.dylib
0x0000000107997000 	/Library/Java/JavaVirtualMachines/jdk1.8.0_71.jdk/Contents/Home/jre/lib/libverify.dylib
0x00000001079a5000 	/Library/Java/JavaVirtualMachines/jdk1.8.0_71.jdk/Contents/Home/jre/lib/libjava.dylib
0x00000001079e4000 	/Library/Java/JavaVirtualMachines/jdk1.8.0_71.jdk/Contents/Home/jre/lib/libzip.dylib
0x000000011b5fd000 	/System/Library/Frameworks/JavaVM.framework/Frameworks/JavaRuntimeSupport.framework/JavaRuntimeSupport
0x000000011b618000 	/System/Library/Frameworks/JavaVM.framework/Versions/A/Frameworks/JavaNativeFoundation.framework/Versions/A/JavaNativeFoundation
0x0000000116dee000 	/System/Library/Frameworks/JavaVM.framework/Versions/A/JavaVM
0x0000000006f7e000 	/System/Library/Frameworks/Carbon.framework/Versions/A/Carbon
0x000000011b62d000 	/System/Library/PrivateFrameworks/JavaLaunching.framework/Versions/A/JavaLaunching
0x0000000006f7e000 	/System/Library/Frameworks/Carbon.framework/Versions/A/Frameworks/CommonPanels.framework/Versions/A/CommonPanels
0x0000000006f7e000 	/System/Library/Frameworks/Carbon.framework/Versions/A/Frameworks/Help.framework/Versions/A/Help
0x0000000006f7e000 	/System/Library/Frameworks/Carbon.framework/Versions/A/Frameworks/ImageCapture.framework/Versions/A/ImageCapture
0x0000000006f7e000 	/System/Library/Frameworks/Carbon.framework/Versions/A/Frameworks/OpenScripting.framework/Versions/A/OpenScripting
0x0000000006f7e000 	/System/Library/Frameworks/Carbon.framework/Versions/A/Frameworks/Print.framework/Versions/A/Print
0x0000000006f7e000 	/System/Library/Frameworks/Carbon.framework/Versions/A/Frameworks/SecurityHI.framework/Versions/A/SecurityHI

VM Arguments:
jvm_args: -Djava.awt.headless=true -Xmx1024M -Dfile.encoding=UTF-8 -Duser.country=US -Duser.language=en -Duser.variant 
java_command: com.android.dx.command.Main --dex --force-jumbo --num-threads=4 --output /Users/Pierre/Code/Android/The-Litany/app/build/intermediates/pre-dexed/debug/com.android.support-support-vector-drawable-23.3.0_0f13066bea23b9a7f352aa5f2e0ac29ec6bc1b83.jar /Users/Pierre/Code/Android/The-Litany/app/build/intermediates/exploded-aar/com.android.support/support-vector-drawable/23.3.0/jars/classes.jar
java_class_path (initial): /Users/Pierre/Library/Android/sdk/build-tools/23.0.3/lib/dx.jar
Launcher Type: SUN_STANDARD

Environment Variables:
PATH=/usr/bin:/bin:/usr/sbin:/sbin
SHELL=/bin/bash

Signal Handlers:
SIGSEGV: [libjvm.dylib+0x5a68c5], sa_mask[0]=11111111011111110111111111111111, sa_flags=SA_ONSTACK|SA_RESTART|SA_SIGINFO
SIGBUS: [libjvm.dylib+0x5a68c5], sa_mask[0]=11111111011111110111111111111111, sa_flags=SA_RESTART|SA_SIGINFO
SIGFPE: [libjvm.dylib+0x4805d4], sa_mask[0]=11111111011111110111111111111111, sa_flags=SA_RESTART|SA_SIGINFO
SIGPIPE: [libjvm.dylib+0x4805d4], sa_mask[0]=11111111011111110111111111111111, sa_flags=SA_RESTART|SA_SIGINFO
SIGXFSZ: [libjvm.dylib+0x4805d4], sa_mask[0]=11111111011111110111111111111111, sa_flags=SA_RESTART|SA_SIGINFO
SIGILL: [libjvm.dylib+0x4805d4], sa_mask[0]=11111111011111110111111111111111, sa_flags=SA_RESTART|SA_SIGINFO
SIGUSR1: SIG_DFL, sa_mask[0]=00000000000000000000000000000000, sa_flags=none
SIGUSR2: [libjvm.dylib+0x4800f2], sa_mask[0]=00100000000000000000000000000000, sa_flags=SA_RESTART|SA_SIGINFO
SIGHUP: [libjvm.dylib+0x47e6c9], sa_mask[0]=11111111011111110111111111111111, sa_flags=SA_RESTART|SA_SIGINFO
SIGINT: [libjvm.dylib+0x47e6c9], sa_mask[0]=11111111011111110111111111111111, sa_flags=SA_RESTART|SA_SIGINFO
SIGTERM: [libjvm.dylib+0x47e6c9], sa_mask[0]=11111111011111110111111111111111, sa_flags=SA_RESTART|SA_SIGINFO
SIGQUIT: [libjvm.dylib+0x47e6c9], sa_mask[0]=11111111011111110111111111111111, sa_flags=SA_RESTART|SA_SIGINFO


---------------  S Y S T E M  ---------------

OS:Bsduname:Darwin 15.2.0 Darwin Kernel Version 15.2.0: Fri Nov 13 19:56:56 PST 2015; root:xnu-3248.20.55~2/RELEASE_X86_64 x86_64
rlimit: STACK 8192k, CORE 0k, NPROC 709, NOFILE 10240, AS infinity
load average:16.06 4.88 2.93

CPU:total 4 (2 cores per cpu, 2 threads per core) family 6 model 61 stepping 4, cmov, cx8, fxsr, mmx, sse, sse2, sse3, ssse3, sse4.1, sse4.2, popcnt, avx, avx2, aes, clmul, erms, 3dnowpref, lzcnt, ht, tsc, tscinvbit, bmi1, bmi2, adx

Memory: 4k page, physical 16777216k(2901056k free)

/proc/meminfo:


vm_info: Java HotSpot(TM) 64-Bit Server VM (25.71-b15) for bsd-amd64 JRE (1.8.0_71-b15), built on Dec 22 2015 15:11:44 by "java_re" with gcc 4.2.1 (Based on Apple Inc. build 5658) (LLVM build 2336.11.00)

time: Wed Jul 20 16:46:25 2016
elapsed time: 1 seconds (0d 0h 0m 1s)

