#
# A fatal error has been detected by the Java Runtime Environment:
#
#  SIGSEGV (0xb) at pc=0x0000000b00130016, pid=5036, tid=20739
#
# JRE version: Java(TM) SE Runtime Environment (8.0_71-b15) (build 1.8.0_71-b15)
# Java VM: Java HotSpot(TM) 64-Bit Server VM (25.71-b15 mixed mode bsd-amd64 compressed oops)
# Problematic frame:
# C  0x0000000b00130016
#
# Failed to write core dump. Core dumps have been disabled. To enable core dumping, try "ulimit -c unlimited" before starting Java again
#
# If you would like to submit a bug report, please visit:
#   http://bugreport.java.com/bugreport/crash.jsp
#

---------------  T H R E A D  ---------------

Current thread (0x00007f8faa11c800):  JavaThread "pool-1-thread-2" [_thread_in_Java, id=20739, stack(0x0000700001250000,0x0000700001350000)]

siginfo: si_signo: 11 (SIGSEGV), si_code: 1 (SEGV_MAPERR), si_addr: 0x0000000b00130016

Registers:
RAX=0x0000000119865bb8, RBX=0x00000001193575a8, RCX=0x00000007ac292f88, RDX=0x0000000070500001
RSP=0x000070000134ecc8, RBP=0x000070000134ed18, RSI=0x00000007ac292f88, RDI=0x00000007ac292f88
R8 =0x0000000000000001, R9 =0x00000007c007c778, R10=0x0000000106a33040, R11=0x000000010731ec40
R12=0x0000000000000000, R13=0x000070000134ecd0, R14=0x000070000134ed40, R15=0x00007f8faa11c800
RIP=0x0000000b00130016, EFLAGS=0x0000000000010297, ERR=0x0000000000000014
  TRAPNO=0x000000000000000e

Top of Stack: (sp=0x000070000134ecc8)
0x000070000134ecc8:   000000010713a9d0 00000007ac292f88
0x000070000134ecd8:   000070000134ecd8 0000000119773eb1
0x000070000134ece8:   000070000134ed40 000000011979f848
0x000070000134ecf8:   0000000119865bb8 0000000119773f10
0x000070000134ed08:   000070000134ecd0 000070000134ed50
0x000070000134ed18:   000070000134eea8 00000001073ac99c
0x000070000134ed28:   0000000000000000 0000000000000000
0x000070000134ed38:   00000007ac2cb888 00000007ac292f88
0x000070000134ed48:   00000001073ac99c 000000011986e928
0x000070000134ed58:   000000011992b800 000000011986da08
0x000070000134ed68:   0000000000000000 000070000134edb0
0x000070000134ed78:   000070000134eea8 00000007abf33a60
0x000070000134ed88:   00000007ac185d20 000000000000000b
0x000070000134ed98:   00000007acc9ced0 000070000134eea8
0x000070000134eda8:   00000001073a4bb4 000000011986dc48
0x000070000134edb8:   000070000134ee00 000000011986e928
0x000070000134edc8:   000000011992e680 000000011986dc80
0x000070000134edd8:   0000000000000000 000070000134edf8
0x000070000134ede8:   000070000134ee48 000000010713a420
0x000070000134edf8:   00000007acc9e600 000000030000000b
0x000070000134ee08:   00000007abf33a60 00000007ac199600
0x000070000134ee18:   000070000134ee60 000000011986e928
0x000070000134ee28:   000000011992e488 000070000134eea8
0x000070000134ee38:   000000010713ac4d 000070000134eea8
0x000070000134ee48:   000000010713ac4d 00000007acc9ced0
0x000070000134ee58:   0000000000000005 00000007acc9e600
0x000070000134ee68:   000070000134ee68 0000000119870702
0x000070000134ee78:   000070000134ef20 0000000119875b38
0x000070000134ee88:   000000011992de00 0000000119870840
0x000070000134ee98:   000070000134ee50 000070000134ef30
0x000070000134eea8:   000070000134f090 0000000107304074
0x000070000134eeb8:   0000000000000000 0000000000000000 

Instructions: (pc=0x0000000b00130016)
0x0000000b0012fff6:   
[error occurred during error reporting (printing registers, top of stack, instructions near pc), id 0xb]

Register to memory mapping:

RAX=0x0000000119865bb8 is pointing into metadata
RBX={method} {0x00000001193575a8} 'getClass' '()Ljava/lang/Class;' in 'java/lang/Object'
RCX=0x00000007ac292f88 is an oop
com.android.dx.rop.cst.CstString 
 - klass: 'com/android/dx/rop/cst/CstString'
RDX=0x0000000070500001 is an unknown value
RSP=0x000070000134ecc8 is pointing into the stack for thread: 0x00007f8faa11c800
RBP=0x000070000134ed18 is pointing into the stack for thread: 0x00007f8faa11c800
RSI=0x00000007ac292f88 is an oop
com.android.dx.rop.cst.CstString 
 - klass: 'com/android/dx/rop/cst/CstString'
RDI=0x00000007ac292f88 is an oop
com.android.dx.rop.cst.CstString 
 - klass: 'com/android/dx/rop/cst/CstString'
R8 =0x0000000000000001 is an unknown value
R9 =0x00000007c007c778 is pointing into metadata
R10=0x0000000106a33040: _ZN19TemplateInterpreter20_invoke_return_entryE+0 in /Library/Java/JavaVirtualMachines/jdk1.8.0_71.jdk/Contents/Home/jre/lib/server/libjvm.dylib at 0x000000010614e000
R11=0x000000010731ec40 is at entry_point+32 in (nmethod*)0x000000010731ead0
R12=0x0000000000000000 is an unknown value
R13=0x000070000134ecd0 is pointing into the stack for thread: 0x00007f8faa11c800
R14=0x000070000134ed40 is pointing into the stack for thread: 0x00007f8faa11c800
R15=0x00007f8faa11c800 is a thread


Stack: [0x0000700001250000,0x0000700001350000],  sp=0x000070000134ecc8,  free space=1019k
Native frames: (J=compiled Java code, j=interpreted, Vv=VM code, C=native code)
C  0x0000000b00130016
J 744 C1 com.android.dx.rop.code.LocalItem.compareTo(Lcom/android/dx/rop/code/LocalItem;)I (32 bytes) @ 0x00000001073ac99c [0x00000001073ac8c0+0xdc]
C  0x00000007abf33a60
J 347 C1 com.android.dx.ssa.NormalSsaInsn.accept(Lcom/android/dx/ssa/SsaInsn$Visitor;)V (25 bytes) @ 0x0000000107304074 [0x0000000107303ce0+0x394]
C  0x00000007abf5a508


---------------  P R O C E S S  ---------------

Java Threads: ( => current thread )
  0x00007f8fa98ed800 JavaThread "pool-1-thread-4" [_thread_in_Java, id=21763, stack(0x0000700001456000,0x0000700001556000)]
  0x00007f8faa11d000 JavaThread "pool-1-thread-3" [_thread_in_Java, id=21251, stack(0x0000700001353000,0x0000700001453000)]
=>0x00007f8faa11c800 JavaThread "pool-1-thread-2" [_thread_in_Java, id=20739, stack(0x0000700001250000,0x0000700001350000)]
  0x00007f8fa983e000 JavaThread "pool-2-thread-1" [_thread_blocked, id=20227, stack(0x000070000114d000,0x000070000124d000)]
  0x00007f8fa90cf000 JavaThread "pool-1-thread-1" [_thread_in_native, id=19715, stack(0x000070000104a000,0x000070000114a000)]
  0x00007f8fa9055800 JavaThread "Service Thread" daemon [_thread_blocked, id=18691, stack(0x0000700000e44000,0x0000700000f44000)]
  0x00007f8fa9818000 JavaThread "C1 CompilerThread2" daemon [_thread_blocked, id=18179, stack(0x0000700000d41000,0x0000700000e41000)]
  0x00007f8fa881e800 JavaThread "C2 CompilerThread1" daemon [_thread_in_native, id=17667, stack(0x0000700000c3e000,0x0000700000d3e000)]
  0x00007f8fa9817000 JavaThread "C2 CompilerThread0" daemon [_thread_blocked, id=17155, stack(0x0000700000b3b000,0x0000700000c3b000)]
  0x00007f8faa021000 JavaThread "Signal Dispatcher" daemon [_thread_blocked, id=14351, stack(0x0000700000a38000,0x0000700000b38000)]
  0x00007f8faa00e800 JavaThread "Finalizer" daemon [_thread_blocked, id=11779, stack(0x000070000082f000,0x000070000092f000)]
  0x00007f8fa880b000 JavaThread "Reference Handler" daemon [_thread_blocked, id=11267, stack(0x000070000072c000,0x000070000082c000)]
  0x00007f8faa000000 JavaThread "main" [_thread_in_Java, id=4099, stack(0x0000700000084000,0x0000700000184000)]

Other Threads:
  0x00007f8fa980b800 VMThread [stack: 0x0000700000629000,0x0000700000729000] [id=10755]
  0x00007f8faa016800 WatcherThread [stack: 0x0000700000f47000,0x0000700001047000] [id=19203]

VM state:not at safepoint (normal execution)

VM Mutex/Monitor currently owned by a thread: None

Heap:
 PSYoungGen      total 76288K, used 35666K [0x00000007aab00000, 0x00000007b0000000, 0x00000007c0000000)
  eden space 65536K, 54% used [0x00000007aab00000,0x00000007acdd49b0,0x00000007aeb00000)
  from space 10752K, 0% used [0x00000007af580000,0x00000007af580000,0x00000007b0000000)
  to   space 10752K, 0% used [0x00000007aeb00000,0x00000007aeb00000,0x00000007af580000)
 ParOldGen       total 175104K, used 0K [0x0000000780000000, 0x000000078ab00000, 0x00000007aab00000)
  object space 175104K, 0% used [0x0000000780000000,0x0000000780000000,0x000000078ab00000)
 Metaspace       used 5734K, capacity 6704K, committed 6784K, reserved 1056768K
  class space    used 593K, capacity 616K, committed 640K, reserved 1048576K

Card table byte_map: [0x0000000116e00000,0x0000000117001000] byte_map_base: 0x0000000113200000

Marking Bits: (ParMarkBitMap*) 0x0000000106a31ea0
 Begin Bits: [0x0000000117157000, 0x0000000118157000)
 End Bits:   [0x0000000118157000, 0x0000000119157000)

Polling page: 0x0000000107120000

CodeCache: size=245760Kb used=2563Kb max_used=2563Kb free=243196Kb
 bounds [0x0000000107133000, 0x00000001073c3000, 0x0000000116133000]
 total_blobs=987 nmethods=719 adapters=182
 compilation: enabled

Compilation events (10 events):
Event: 1.394 Thread 0x00007f8fa9818000 nmethod 753 0x00000001073b3f50 code [0x00000001073b40c0, 0x00000001073b4318]
Event: 1.394 Thread 0x00007f8fa9818000  765       3       com.android.dx.rop.code.PlainInsn::withNewRegisters (18 bytes)
Event: 1.394 Thread 0x00007f8fa9818000 nmethod 765 0x00000001073b4410 code [0x00000001073b4580, 0x00000001073b48a8]
Event: 1.394 Thread 0x00007f8fa9818000  763       3       com.android.dx.ssa.back.RegisterAllocator::getDefinitionSpecForSsaReg (22 bytes)
Event: 1.395 Thread 0x00007f8fa9818000 nmethod 763 0x00000001073b4990 code [0x00000001073b4b00, 0x00000001073b4e08]
Event: 1.395 Thread 0x00007f8fa9818000  749   !   3       com.android.dx.cf.code.BaseMachine::arg (36 bytes)
Event: 1.395 Thread 0x00007f8fa9818000 nmethod 749 0x00000001073b4f10 code [0x00000001073b50a0, 0x00000001073b53f8]
Event: 1.396 Thread 0x00007f8fa9818000  692       2       com.android.dx.ssa.Optimizer::getPreserveLocals (4 bytes)
Event: 1.397 Thread 0x00007f8fa9818000 nmethod 692 0x00000001073a0d50 code [0x00000001073a0ea0, 0x00000001073a0fd0]
Event: 1.397 Thread 0x00007f8fa9818000  718   !   3       com.android.dx.cf.code.BytecodeArray::parseInstruction (2764 bytes)

GC Heap History (0 events):
No events

Deoptimization events (9 events):
Event: 0.470 Thread 0x00007f8faa000000 Uncommon trap: reason=unstable_if action=reinterpret pc=0x00000001072831c0 method=java.lang.String.indexOf(II)I @ 49
Event: 0.734 Thread 0x00007f8fa98ed800 Uncommon trap: reason=unstable_if action=reinterpret pc=0x000000010730f500 method=java.util.HashMap.getNode(ILjava/lang/Object;)Ljava/util/HashMap$Node; @ 116
Event: 0.735 Thread 0x00007f8fa98ed800 Uncommon trap: reason=unstable_if action=reinterpret pc=0x000000010730d0f0 method=java.util.HashMap.getNode(ILjava/lang/Object;)Ljava/util/HashMap$Node; @ 116
Event: 1.271 Thread 0x00007f8faa11d000 Uncommon trap: reason=unstable_if action=reinterpret pc=0x0000000107344340 method=java.util.BitSet.ensureCapacity(I)V @ 6
Event: 1.361 Thread 0x00007f8fa98ed800 Uncommon trap: reason=bimorphic action=maybe_recompile pc=0x000000010732343c method=java.util.HashMap.getNode(ILjava/lang/Object;)Ljava/util/HashMap$Node; @ 126
Event: 1.368 Thread 0x00007f8fa98ed800 Uncommon trap: reason=bimorphic action=maybe_recompile pc=0x000000010732343c method=java.util.HashMap.getNode(ILjava/lang/Object;)Ljava/util/HashMap$Node; @ 126
Event: 1.368 Thread 0x00007f8fa98ed800 Uncommon trap: reason=bimorphic action=maybe_recompile pc=0x000000010732343c method=java.util.HashMap.getNode(ILjava/lang/Object;)Ljava/util/HashMap$Node; @ 126
Event: 1.368 Thread 0x00007f8fa98ed800 Uncommon trap: reason=bimorphic action=maybe_recompile pc=0x000000010732343c method=java.util.HashMap.getNode(ILjava/lang/Object;)Ljava/util/HashMap$Node; @ 126
Event: 1.368 Thread 0x00007f8fa98ed800 Uncommon trap: reason=unstable_if action=reinterpret pc=0x00000001073a3bdc method=com.android.dx.rop.cst.Constant.compareTo(Lcom/android/dx/rop/cst/Constant;)I @ 12

Internal exceptions (10 events):
Event: 0.150 Thread 0x00007f8faa000000 Exception <a 'java/security/PrivilegedActionException'> (0x00000007aaba4e20) thrown at [/Users/java_re/workspace/8-2-build-macosx-x86_64/jdk8u71/5731/hotspot/src/share/vm/prims/jvm.cpp, line 1386]
Event: 0.151 Thread 0x00007f8faa000000 Exception <a 'java/util/zip/ZipException'> (0x00000007aaba5ba0) thrown at [/Users/java_re/workspace/8-2-build-macosx-x86_64/jdk8u71/5731/hotspot/src/share/vm/prims/jni.cpp, line 709]
Event: 0.151 Thread 0x00007f8faa000000 Exception <a 'java/security/PrivilegedActionException'> (0x00000007aaba5da8) thrown at [/Users/java_re/workspace/8-2-build-macosx-x86_64/jdk8u71/5731/hotspot/src/share/vm/prims/jvm.cpp, line 1386]
Event: 0.151 Thread 0x00007f8faa000000 Exception <a 'java/security/PrivilegedActionException'> (0x00000007aaba5fb8) thrown at [/Users/java_re/workspace/8-2-build-macosx-x86_64/jdk8u71/5731/hotspot/src/share/vm/prims/jvm.cpp, line 1386]
Event: 0.152 Thread 0x00007f8faa000000 Exception <a 'java/util/zip/ZipException'> (0x00000007aaba6d38) thrown at [/Users/java_re/workspace/8-2-build-macosx-x86_64/jdk8u71/5731/hotspot/src/share/vm/prims/jni.cpp, line 709]
Event: 0.152 Thread 0x00007f8faa000000 Exception <a 'java/security/PrivilegedActionException'> (0x00000007aaba6f40) thrown at [/Users/java_re/workspace/8-2-build-macosx-x86_64/jdk8u71/5731/hotspot/src/share/vm/prims/jvm.cpp, line 1386]
Event: 0.152 Thread 0x00007f8faa000000 Exception <a 'java/security/PrivilegedActionException'> (0x00000007aaba7150) thrown at [/Users/java_re/workspace/8-2-build-macosx-x86_64/jdk8u71/5731/hotspot/src/share/vm/prims/jvm.cpp, line 1386]
Event: 0.154 Thread 0x00007f8faa000000 Exception <a 'java/util/zip/ZipException'> (0x00000007aabb8b58) thrown at [/Users/java_re/workspace/8-2-build-macosx-x86_64/jdk8u71/5731/hotspot/src/share/vm/prims/jni.cpp, line 709]
Event: 0.154 Thread 0x00007f8faa000000 Exception <a 'java/security/PrivilegedActionException'> (0x00000007aabb8d60) thrown at [/Users/java_re/workspace/8-2-build-macosx-x86_64/jdk8u71/5731/hotspot/src/share/vm/prims/jvm.cpp, line 1386]
Event: 0.154 Thread 0x00007f8faa000000 Exception <a 'java/security/PrivilegedActionException'> (0x00000007aabb8f70) thrown at [/Users/java_re/workspace/8-2-build-macosx-x86_64/jdk8u71/5731/hotspot/src/share/vm/prims/jvm.cpp, line 1386]

Events (10 events):
Event: 1.368 Thread 0x00007f8fa98ed800 DEOPT UNPACKING pc=0x0000000107138229 sp=0x0000700001554f60 mode 2
Event: 1.368 Thread 0x00007f8fa98ed800 Uncommon trap: trap_request=0xffffffc6 fr.pc=0x000000010732343c
Event: 1.368 Thread 0x00007f8fa98ed800 DEOPT PACKING pc=0x000000010732343c sp=0x0000700001554fc0
Event: 1.368 Thread 0x00007f8fa98ed800 DEOPT UNPACKING pc=0x0000000107138229 sp=0x0000700001554f60 mode 2
Event: 1.368 Thread 0x00007f8fa98ed800 Uncommon trap: trap_request=0xffffffc6 fr.pc=0x000000010732343c
Event: 1.368 Thread 0x00007f8fa98ed800 DEOPT PACKING pc=0x000000010732343c sp=0x0000700001554fc0
Event: 1.368 Thread 0x00007f8fa98ed800 DEOPT UNPACKING pc=0x0000000107138229 sp=0x0000700001554f60 mode 2
Event: 1.368 Thread 0x00007f8fa98ed800 Uncommon trap: trap_request=0xffffff65 fr.pc=0x00000001073a3bdc
Event: 1.368 Thread 0x00007f8fa98ed800 DEOPT PACKING pc=0x00000001073a3bdc sp=0x0000700001554cd0
Event: 1.368 Thread 0x00007f8fa98ed800 DEOPT UNPACKING pc=0x0000000107138229 sp=0x0000700001554c90 mode 2


Dynamic libraries:
0x0000000006f7e000 	/System/Library/Frameworks/Cocoa.framework/Versions/A/Cocoa
0x0000000006f7e000 	/System/Library/Frameworks/Security.framework/Versions/A/Security
0x0000000006f7e000 	/System/Library/Frameworks/ApplicationServices.framework/Versions/A/ApplicationServices
0x0000000006f7e000 	/usr/lib/libz.1.dylib
0x0000000006f7e000 	/usr/lib/libSystem.B.dylib
0x0000000006f7e000 	/usr/lib/libobjc.A.dylib
0x0000000006f7e000 	/System/Library/Frameworks/CoreFoundation.framework/Versions/A/CoreFoundation
0x0000000006f7e000 	/System/Library/Frameworks/Foundation.framework/Versions/C/Foundation
0x0000000006f7e000 	/System/Library/Frameworks/AppKit.framework/Versions/C/AppKit
0x0000000006f7e000 	/System/Library/Frameworks/CoreData.framework/Versions/A/CoreData
0x0000000006f7e000 	/System/Library/PrivateFrameworks/RemoteViewServices.framework/Versions/A/RemoteViewServices
0x0000000006f7e000 	/System/Library/PrivateFrameworks/UIFoundation.framework/Versions/A/UIFoundation
0x0000000006f7e000 	/usr/lib/libScreenReader.dylib
0x0000000006f7e000 	/System/Library/Frameworks/Accelerate.framework/Versions/A/Accelerate
0x0000000006f7e000 	/System/Library/Frameworks/IOSurface.framework/Versions/A/IOSurface
0x0000000006f7e000 	/System/Library/Frameworks/AudioToolbox.framework/Versions/A/AudioToolbox
0x0000000006f7e000 	/System/Library/Frameworks/AudioUnit.framework/Versions/A/AudioUnit
0x0000000006f7e000 	/System/Library/PrivateFrameworks/DataDetectorsCore.framework/Versions/A/DataDetectorsCore
0x0000000006f7e000 	/System/Library/PrivateFrameworks/DesktopServicesPriv.framework/Versions/A/DesktopServicesPriv
0x0000000006f7e000 	/System/Library/Frameworks/Carbon.framework/Versions/A/Frameworks/HIToolbox.framework/Versions/A/HIToolbox
0x0000000006f7e000 	/System/Library/Frameworks/QuartzCore.framework/Versions/A/QuartzCore
0x0000000006f7e000 	/System/Library/Frameworks/Carbon.framework/Versions/A/Frameworks/SpeechRecognition.framework/Versions/A/SpeechRecognition
0x0000000006f7e000 	/usr/lib/libauto.dylib
0x0000000006f7e000 	/usr/lib/libicucore.A.dylib
0x0000000006f7e000 	/usr/lib/libxml2.2.dylib
0x0000000006f7e000 	/System/Library/PrivateFrameworks/CoreUI.framework/Versions/A/CoreUI
0x0000000006f7e000 	/System/Library/Frameworks/CoreAudio.framework/Versions/A/CoreAudio
0x0000000006f7e000 	/System/Library/Frameworks/DiskArbitration.framework/Versions/A/DiskArbitration
0x0000000006f7e000 	/usr/lib/liblangid.dylib
0x0000000006f7e000 	/System/Library/PrivateFrameworks/MultitouchSupport.framework/Versions/A/MultitouchSupport
0x0000000006f7e000 	/System/Library/Frameworks/IOKit.framework/Versions/A/IOKit
0x0000000006f7e000 	/usr/lib/libDiagnosticMessagesClient.dylib
0x0000000006f7e000 	/System/Library/Frameworks/CoreServices.framework/Versions/A/CoreServices
0x0000000006f7e000 	/System/Library/PrivateFrameworks/PerformanceAnalysis.framework/Versions/A/PerformanceAnalysis
0x0000000006f7e000 	/System/Library/PrivateFrameworks/GenerationalStorage.framework/Versions/A/GenerationalStorage
0x0000000006f7e000 	/System/Library/Frameworks/OpenGL.framework/Versions/A/OpenGL
0x0000000006f7e000 	/System/Library/PrivateFrameworks/Sharing.framework/Versions/A/Sharing
0x0000000006f7e000 	/System/Library/Frameworks/CoreGraphics.framework/Versions/A/CoreGraphics
0x0000000006f7e000 	/System/Library/Frameworks/CoreImage.framework/Versions/A/CoreImage
0x0000000006f7e000 	/System/Library/Frameworks/CoreText.framework/Versions/A/CoreText
0x0000000006f7e000 	/System/Library/Frameworks/ImageIO.framework/Versions/A/ImageIO
0x0000000006f7e000 	/System/Library/PrivateFrameworks/Backup.framework/Versions/A/Backup
0x0000000006f7e000 	/usr/lib/libextension.dylib
0x0000000006f7e000 	/usr/lib/libarchive.2.dylib
0x0000000006f7e000 	/System/Library/Frameworks/CFNetwork.framework/Versions/A/CFNetwork
0x0000000006f7e000 	/System/Library/Frameworks/SystemConfiguration.framework/Versions/A/SystemConfiguration
0x0000000006f7e000 	/usr/lib/libCRFSuite.dylib
0x0000000006f7e000 	/usr/lib/libc++.1.dylib
0x0000000006f7e000 	/usr/lib/libc++abi.dylib
0x0000000006f7e000 	/usr/lib/system/libcache.dylib
0x0000000006f7e000 	/usr/lib/system/libcommonCrypto.dylib
0x0000000006f7e000 	/usr/lib/system/libcompiler_rt.dylib
0x0000000006f7e000 	/usr/lib/system/libcopyfile.dylib
0x0000000006f7e000 	/usr/lib/system/libcorecrypto.dylib
0x0000000006f7e000 	/usr/lib/system/libdispatch.dylib
0x0000000006f7e000 	/usr/lib/system/libdyld.dylib
0x0000000006f7e000 	/usr/lib/system/libkeymgr.dylib
0x0000000006f7e000 	/usr/lib/system/liblaunch.dylib
0x0000000006f7e000 	/usr/lib/system/libmacho.dylib
0x0000000006f7e000 	/usr/lib/system/libquarantine.dylib
0x0000000006f7e000 	/usr/lib/system/libremovefile.dylib
0x0000000006f7e000 	/usr/lib/system/libsystem_asl.dylib
0x0000000006f7e000 	/usr/lib/system/libsystem_blocks.dylib
0x0000000006f7e000 	/usr/lib/system/libsystem_c.dylib
0x0000000006f7e000 	/usr/lib/system/libsystem_configuration.dylib
0x0000000006f7e000 	/usr/lib/system/libsystem_coreservices.dylib
0x0000000006f7e000 	/usr/lib/system/libsystem_coretls.dylib
0x0000000006f7e000 	/usr/lib/system/libsystem_dnssd.dylib
0x0000000006f7e000 	/usr/lib/system/libsystem_info.dylib
0x0000000006f7e000 	/usr/lib/system/libsystem_kernel.dylib
0x0000000006f7e000 	/usr/lib/system/libsystem_m.dylib
0x0000000006f7e000 	/usr/lib/system/libsystem_malloc.dylib
0x0000000006f7e000 	/usr/lib/system/libsystem_network.dylib
0x0000000006f7e000 	/usr/lib/system/libsystem_networkextension.dylib
0x0000000006f7e000 	/usr/lib/system/libsystem_notify.dylib
0x0000000006f7e000 	/usr/lib/system/libsystem_platform.dylib
0x0000000006f7e000 	/usr/lib/system/libsystem_pthread.dylib
0x0000000006f7e000 	/usr/lib/system/libsystem_sandbox.dylib
0x0000000006f7e000 	/usr/lib/system/libsystem_secinit.dylib
0x0000000006f7e000 	/usr/lib/system/libsystem_trace.dylib
0x0000000006f7e000 	/usr/lib/system/libunc.dylib
0x0000000006f7e000 	/usr/lib/system/libunwind.dylib
0x0000000006f7e000 	/usr/lib/system/libxpc.dylib
0x0000000006f7e000 	/usr/lib/libenergytrace.dylib
0x0000000006f7e000 	/usr/lib/libbsm.0.dylib
0x0000000006f7e000 	/usr/lib/system/libkxld.dylib
0x0000000006f7e000 	/usr/lib/libxar.1.dylib
0x0000000006f7e000 	/usr/lib/libsqlite3.dylib
0x0000000006f7e000 	/usr/lib/libpam.2.dylib
0x0000000006f7e000 	/usr/lib/libOpenScriptingUtil.dylib
0x0000000006f7e000 	/usr/lib/libbz2.1.0.dylib
0x0000000006f7e000 	/usr/lib/liblzma.5.dylib
0x0000000006f7e000 	/System/Library/Frameworks/CoreServices.framework/Versions/A/Frameworks/FSEvents.framework/Versions/A/FSEvents
0x0000000006f7e000 	/System/Library/Frameworks/CoreServices.framework/Versions/A/Frameworks/CarbonCore.framework/Versions/A/CarbonCore
0x0000000006f7e000 	/System/Library/Frameworks/CoreServices.framework/Versions/A/Frameworks/Metadata.framework/Versions/A/Metadata
0x0000000006f7e000 	/System/Library/Frameworks/CoreServices.framework/Versions/A/Frameworks/OSServices.framework/Versions/A/OSServices
0x0000000006f7e000 	/System/Library/Frameworks/CoreServices.framework/Versions/A/Frameworks/SearchKit.framework/Versions/A/SearchKit
0x0000000006f7e000 	/System/Library/Frameworks/CoreServices.framework/Versions/A/Frameworks/AE.framework/Versions/A/AE
0x0000000006f7e000 	/System/Library/Frameworks/CoreServices.framework/Versions/A/Frameworks/LaunchServices.framework/Versions/A/LaunchServices
0x0000000006f7e000 	/System/Library/Frameworks/CoreServices.framework/Versions/A/Frameworks/DictionaryServices.framework/Versions/A/DictionaryServices
0x0000000006f7e000 	/System/Library/Frameworks/CoreServices.framework/Versions/A/Frameworks/SharedFileList.framework/Versions/A/SharedFileList
0x0000000006f7e000 	/System/Library/Frameworks/NetFS.framework/Versions/A/NetFS
0x0000000006f7e000 	/System/Library/PrivateFrameworks/NetAuth.framework/Versions/A/NetAuth
0x0000000006f7e000 	/System/Library/PrivateFrameworks/login.framework/Versions/A/Frameworks/loginsupport.framework/Versions/A/loginsupport
0x0000000006f7e000 	/System/Library/PrivateFrameworks/TCC.framework/Versions/A/TCC
0x0000000006f7e000 	/usr/lib/libmecabra.dylib
0x0000000006f7e000 	/System/Library/Frameworks/ApplicationServices.framework/Versions/A/Frameworks/ATS.framework/Versions/A/ATS
0x0000000006f7e000 	/System/Library/Frameworks/ApplicationServices.framework/Versions/A/Frameworks/ColorSync.framework/Versions/A/ColorSync
0x0000000006f7e000 	/System/Library/Frameworks/ApplicationServices.framework/Versions/A/Frameworks/HIServices.framework/Versions/A/HIServices
0x0000000006f7e000 	/System/Library/Frameworks/ApplicationServices.framework/Versions/A/Frameworks/LangAnalysis.framework/Versions/A/LangAnalysis
0x0000000006f7e000 	/System/Library/Frameworks/ApplicationServices.framework/Versions/A/Frameworks/PrintCore.framework/Versions/A/PrintCore
0x0000000006f7e000 	/System/Library/Frameworks/ApplicationServices.framework/Versions/A/Frameworks/QD.framework/Versions/A/QD
0x0000000006f7e000 	/System/Library/Frameworks/ApplicationServices.framework/Versions/A/Frameworks/SpeechSynthesis.framework/Versions/A/SpeechSynthesis
0x0000000006f7e000 	/System/Library/Frameworks/Metal.framework/Versions/A/Metal
0x0000000006f7e000 	/System/Library/Frameworks/Accelerate.framework/Versions/A/Frameworks/vImage.framework/Versions/A/vImage
0x0000000006f7e000 	/System/Library/Frameworks/Accelerate.framework/Versions/A/Frameworks/vecLib.framework/Versions/A/vecLib
0x0000000006f7e000 	/System/Library/Frameworks/Accelerate.framework/Versions/A/Frameworks/vecLib.framework/Versions/A/libvDSP.dylib
0x0000000006f7e000 	/System/Library/Frameworks/Accelerate.framework/Versions/A/Frameworks/vecLib.framework/Versions/A/libvMisc.dylib
0x0000000006f7e000 	/System/Library/Frameworks/Accelerate.framework/Versions/A/Frameworks/vecLib.framework/Versions/A/libLAPACK.dylib
0x0000000006f7e000 	/System/Library/Frameworks/Accelerate.framework/Versions/A/Frameworks/vecLib.framework/Versions/A/libBLAS.dylib
0x0000000006f7e000 	/System/Library/Frameworks/Accelerate.framework/Versions/A/Frameworks/vecLib.framework/Versions/A/libLinearAlgebra.dylib
0x0000000006f7e000 	/System/Library/Frameworks/Accelerate.framework/Versions/A/Frameworks/vecLib.framework/Versions/A/libSparseBLAS.dylib
0x0000000006f7e000 	/System/Library/PrivateFrameworks/GPUCompiler.framework/libmetal_timestamp.dylib
0x0000000006f7e000 	/System/Library/Frameworks/OpenGL.framework/Versions/A/Libraries/libCoreFSCache.dylib
0x0000000006f7e000 	/System/Library/PrivateFrameworks/IOAccelerator.framework/Versions/A/IOAccelerator
0x0000000006f7e000 	/System/Library/Frameworks/ApplicationServices.framework/Versions/A/Frameworks/ATS.framework/Versions/A/Resources/libFontParser.dylib
0x0000000006f7e000 	/System/Library/Frameworks/ApplicationServices.framework/Versions/A/Frameworks/ATS.framework/Versions/A/Resources/libFontRegistry.dylib
0x0000000006f7e000 	/System/Library/PrivateFrameworks/AppleVPA.framework/Versions/A/AppleVPA
0x0000000006f7e000 	/System/Library/PrivateFrameworks/AppleJPEG.framework/Versions/A/AppleJPEG
0x0000000006f7e000 	/System/Library/Frameworks/ImageIO.framework/Versions/A/Resources/libJPEG.dylib
0x0000000006f7e000 	/System/Library/Frameworks/ImageIO.framework/Versions/A/Resources/libTIFF.dylib
0x0000000006f7e000 	/System/Library/Frameworks/ImageIO.framework/Versions/A/Resources/libPng.dylib
0x0000000006f7e000 	/System/Library/Frameworks/ImageIO.framework/Versions/A/Resources/libGIF.dylib
0x0000000006f7e000 	/System/Library/Frameworks/ImageIO.framework/Versions/A/Resources/libJP2.dylib
0x0000000006f7e000 	/System/Library/Frameworks/ImageIO.framework/Versions/A/Resources/libRadiance.dylib
0x0000000006f7e000 	/System/Library/Frameworks/CoreVideo.framework/Versions/A/CoreVideo
0x0000000006f7e000 	/System/Library/Frameworks/OpenGL.framework/Versions/A/Libraries/libGLU.dylib
0x0000000006f7e000 	/System/Library/Frameworks/OpenGL.framework/Versions/A/Libraries/libGFXShared.dylib
0x0000000006f7e000 	/System/Library/Frameworks/OpenGL.framework/Versions/A/Libraries/libGL.dylib
0x0000000006f7e000 	/System/Library/Frameworks/OpenGL.framework/Versions/A/Libraries/libGLImage.dylib
0x0000000006f7e000 	/System/Library/Frameworks/OpenGL.framework/Versions/A/Libraries/libCVMSPluginSupport.dylib
0x0000000006f7e000 	/System/Library/Frameworks/OpenGL.framework/Versions/A/Libraries/libCoreVMClient.dylib
0x0000000006f7e000 	/usr/lib/libcups.2.dylib
0x0000000006f7e000 	/System/Library/Frameworks/Kerberos.framework/Versions/A/Kerberos
0x0000000006f7e000 	/System/Library/Frameworks/GSS.framework/Versions/A/GSS
0x0000000006f7e000 	/usr/lib/libresolv.9.dylib
0x0000000006f7e000 	/usr/lib/libiconv.2.dylib
0x0000000006f7e000 	/System/Library/PrivateFrameworks/Heimdal.framework/Versions/A/Heimdal
0x0000000006f7e000 	/usr/lib/libheimdal-asn1.dylib
0x0000000006f7e000 	/System/Library/Frameworks/OpenDirectory.framework/Versions/A/OpenDirectory
0x0000000006f7e000 	/System/Library/PrivateFrameworks/CommonAuth.framework/Versions/A/CommonAuth
0x0000000006f7e000 	/System/Library/Frameworks/OpenDirectory.framework/Versions/A/Frameworks/CFOpenDirectory.framework/Versions/A/CFOpenDirectory
0x0000000006f7e000 	/System/Library/Frameworks/SecurityFoundation.framework/Versions/A/SecurityFoundation
0x0000000006f7e000 	/System/Library/PrivateFrameworks/LanguageModeling.framework/Versions/A/LanguageModeling
0x0000000006f7e000 	/usr/lib/libmarisa.dylib
0x0000000006f7e000 	/usr/lib/libChineseTokenizer.dylib
0x0000000006f7e000 	/usr/lib/libcmph.dylib
0x0000000006f7e000 	/usr/lib/libcompression.dylib
0x0000000006f7e000 	/System/Library/Frameworks/ServiceManagement.framework/Versions/A/ServiceManagement
0x0000000006f7e000 	/usr/lib/libxslt.1.dylib
0x0000000006f7e000 	/System/Library/Frameworks/Carbon.framework/Versions/A/Frameworks/Ink.framework/Versions/A/Ink
0x0000000006f7e000 	/usr/lib/libFosl_dynamic.dylib
0x0000000006f7e000 	/System/Library/PrivateFrameworks/FaceCore.framework/Versions/A/FaceCore
0x0000000006f7e000 	/System/Library/Frameworks/OpenCL.framework/Versions/A/OpenCL
0x0000000006f7e000 	/System/Library/PrivateFrameworks/CrashReporterSupport.framework/Versions/A/CrashReporterSupport
0x0000000006f7e000 	/System/Library/PrivateFrameworks/IconServices.framework/Versions/A/IconServices
0x0000000006f7e000 	/System/Library/PrivateFrameworks/Apple80211.framework/Versions/A/Apple80211
0x0000000006f7e000 	/System/Library/Frameworks/CoreWLAN.framework/Versions/A/CoreWLAN
0x0000000006f7e000 	/System/Library/Frameworks/IOBluetooth.framework/Versions/A/IOBluetooth
0x0000000006f7e000 	/System/Library/PrivateFrameworks/CoreWiFi.framework/Versions/A/CoreWiFi
0x0000000006f7e000 	/System/Library/Frameworks/CoreBluetooth.framework/Versions/A/CoreBluetooth
0x0000000006f7e000 	/System/Library/PrivateFrameworks/ChunkingLibrary.framework/Versions/A/ChunkingLibrary
0x0000000006f7e000 	/System/Library/PrivateFrameworks/DebugSymbols.framework/Versions/A/DebugSymbols
0x0000000006f7e000 	/System/Library/PrivateFrameworks/CoreSymbolication.framework/Versions/A/CoreSymbolication
0x0000000006f7e000 	/System/Library/PrivateFrameworks/Symbolication.framework/Versions/A/Symbolication
0x0000000006f7e000 	/System/Library/PrivateFrameworks/SpeechRecognitionCore.framework/Versions/A/SpeechRecognitionCore
0x000000010614e000 	/Library/Java/JavaVirtualMachines/jdk1.8.0_71.jdk/Contents/Home/jre/lib/server/libjvm.dylib
0x0000000006f7e000 	/usr/lib/libstdc++.6.dylib
0x00000001070dd000 	/Library/Java/JavaVirtualMachines/jdk1.8.0_71.jdk/Contents/Home/jre/lib/libverify.dylib
0x00000001070eb000 	/Library/Java/JavaVirtualMachines/jdk1.8.0_71.jdk/Contents/Home/jre/lib/libjava.dylib
0x000000010712a000 	/Library/Java/JavaVirtualMachines/jdk1.8.0_71.jdk/Contents/Home/jre/lib/libzip.dylib
0x000000011ad31000 	/System/Library/Frameworks/JavaVM.framework/Frameworks/JavaRuntimeSupport.framework/JavaRuntimeSupport
0x000000011ad4c000 	/System/Library/Frameworks/JavaVM.framework/Versions/A/Frameworks/JavaNativeFoundation.framework/Versions/A/JavaNativeFoundation
0x000000011ad61000 	/System/Library/Frameworks/JavaVM.framework/Versions/A/JavaVM
0x0000000006f7e000 	/System/Library/Frameworks/Carbon.framework/Versions/A/Carbon
0x000000011ad6e000 	/System/Library/PrivateFrameworks/JavaLaunching.framework/Versions/A/JavaLaunching
0x0000000006f7e000 	/System/Library/Frameworks/Carbon.framework/Versions/A/Frameworks/CommonPanels.framework/Versions/A/CommonPanels
0x0000000006f7e000 	/System/Library/Frameworks/Carbon.framework/Versions/A/Frameworks/Help.framework/Versions/A/Help
0x0000000006f7e000 	/System/Library/Frameworks/Carbon.framework/Versions/A/Frameworks/ImageCapture.framework/Versions/A/ImageCapture
0x0000000006f7e000 	/System/Library/Frameworks/Carbon.framework/Versions/A/Frameworks/OpenScripting.framework/Versions/A/OpenScripting
0x0000000006f7e000 	/System/Library/Frameworks/Carbon.framework/Versions/A/Frameworks/Print.framework/Versions/A/Print
0x0000000006f7e000 	/System/Library/Frameworks/Carbon.framework/Versions/A/Frameworks/SecurityHI.framework/Versions/A/SecurityHI

VM Arguments:
jvm_args: -Djava.awt.headless=true -Xmx1024M -Dfile.encoding=UTF-8 -Duser.country=US -Duser.language=en -Duser.variant 
java_command: com.android.dx.command.Main --dex --force-jumbo --num-threads=4 --output /Users/Pierre/Code/Android/The-Litany/app/build/intermediates/pre-dexed/debug/com.android.support-recyclerview-v7-23.3.0_03f1afa58aa1782653b8334cf8fdfebf65f09983.jar /Users/Pierre/Code/Android/The-Litany/app/build/intermediates/exploded-aar/com.android.support/recyclerview-v7/23.3.0/jars/classes.jar
java_class_path (initial): /Users/Pierre/Library/Android/sdk/build-tools/23.0.3/lib/dx.jar
Launcher Type: SUN_STANDARD

Environment Variables:
PATH=/usr/bin:/bin:/usr/sbin:/sbin
SHELL=/bin/bash

Signal Handlers:
SIGSEGV: [libjvm.dylib+0x5a68c5], sa_mask[0]=11111111011111110111111111111111, sa_flags=SA_ONSTACK|SA_RESTART|SA_SIGINFO
SIGBUS: [libjvm.dylib+0x5a68c5], sa_mask[0]=11111111011111110111111111111111, sa_flags=SA_RESTART|SA_SIGINFO
SIGFPE: [libjvm.dylib+0x4805d4], sa_mask[0]=11111111011111110111111111111111, sa_flags=SA_RESTART|SA_SIGINFO
SIGPIPE: [libjvm.dylib+0x4805d4], sa_mask[0]=11111111011111110111111111111111, sa_flags=SA_RESTART|SA_SIGINFO
SIGXFSZ: [libjvm.dylib+0x4805d4], sa_mask[0]=11111111011111110111111111111111, sa_flags=SA_RESTART|SA_SIGINFO
SIGILL: [libjvm.dylib+0x4805d4], sa_mask[0]=11111111011111110111111111111111, sa_flags=SA_RESTART|SA_SIGINFO
SIGUSR1: SIG_DFL, sa_mask[0]=00000000000000000000000000000000, sa_flags=none
SIGUSR2: [libjvm.dylib+0x4800f2], sa_mask[0]=00100000000000000000000000000000, sa_flags=SA_RESTART|SA_SIGINFO
SIGHUP: [libjvm.dylib+0x47e6c9], sa_mask[0]=11111111011111110111111111111111, sa_flags=SA_RESTART|SA_SIGINFO
SIGINT: [libjvm.dylib+0x47e6c9], sa_mask[0]=11111111011111110111111111111111, sa_flags=SA_RESTART|SA_SIGINFO
SIGTERM: [libjvm.dylib+0x47e6c9], sa_mask[0]=11111111011111110111111111111111, sa_flags=SA_RESTART|SA_SIGINFO
SIGQUIT: [libjvm.dylib+0x47e6c9], sa_mask[0]=11111111011111110111111111111111, sa_flags=SA_RESTART|SA_SIGINFO


---------------  S Y S T E M  ---------------

OS:Bsduname:Darwin 15.2.0 Darwin Kernel Version 15.2.0: Fri Nov 13 19:56:56 PST 2015; root:xnu-3248.20.55~2/RELEASE_X86_64 x86_64
rlimit: STACK 8192k, CORE 0k, NPROC 709, NOFILE 10240, AS infinity
load average:4.67 4.83 4.53

CPU:total 4 (2 cores per cpu, 2 threads per core) family 6 model 61 stepping 4, cmov, cx8, fxsr, mmx, sse, sse2, sse3, ssse3, sse4.1, sse4.2, popcnt, avx, avx2, aes, clmul, erms, 3dnowpref, lzcnt, ht, tsc, tscinvbit, bmi1, bmi2, adx

Memory: 4k page, physical 16777216k(2707116k free)

/proc/meminfo:


vm_info: Java HotSpot(TM) 64-Bit Server VM (25.71-b15) for bsd-amd64 JRE (1.8.0_71-b15), built on Dec 22 2015 15:11:44 by "java_re" with gcc 4.2.1 (Based on Apple Inc. build 5658) (LLVM build 2336.11.00)

time: Wed Jul 20 17:04:56 2016
elapsed time: 1 seconds (0d 0h 0m 1s)

